Copyright 1986-2022 Xilinx, Inc. All Rights Reserved. Copyright 2022-2025 Advanced Micro Devices, Inc. All Rights Reserved.
-----------------------------------------------------------------------------------------------------------------------------------------------------------------------------------------------
| Tool Version : Vivado v.2025.2 (win64) Build 6299465 Fri Nov 14 19:35:11 GMT 2025
| Date         : Thu Mar 26 16:11:42 2026
| Host         : DESKTOP-7CFQ9ND running 64-bit major release  (build 9200)
| Command      : report_timing_summary -delay_type max -file D:/02_learning_lab/RV32I_PIPELINE_ONLY/FPGA_Auto_Project/Project/rv32i/output/perf_measure/hazard/impl/reports/timing_summary.rpt
| Design       : Top
| Device       : 7a35t-cpg236
| Speed File   : -1  PRODUCTION 1.23 2018-06-13
| Design State : Routed
-----------------------------------------------------------------------------------------------------------------------------------------------------------------------------------------------

Timing Summary Report

------------------------------------------------------------------------------------------------
| Timer Settings
| --------------
------------------------------------------------------------------------------------------------

  Enable Multi Corner Analysis               :  Yes
  Enable Pessimism Removal                   :  Yes
  Pessimism Removal Resolution               :  Nearest Common Node
  Enable Input Delay Default Clock           :  No
  Enable Preset / Clear Arcs                 :  No
  Disable Flight Delays                      :  No
  Ignore I/O Paths                           :  No
  Timing Early Launch at Borrowing Latches   :  No
  Borrow Time for Max Delay Exceptions       :  Yes
  Merge Timing Exceptions                    :  Yes
  Inter-SLR Compensation                     :  Conservative

  Corner  Analyze    Analyze    
  Name    Max Paths  Min Paths  
  ------  ---------  ---------  
  Slow    Yes        Yes        
  Fast    Yes        Yes        


------------------------------------------------------------------------------------------------
| Report Methodology
| ------------------
------------------------------------------------------------------------------------------------

No report available as report_methodology has not been run prior. Run report_methodology on the current design for the summary of methodology violations.



check_timing report

Table of Contents
-----------------
1. checking no_clock (0)
2. checking constant_clock (0)
3. checking pulse_width_clock (0)
4. checking unconstrained_internal_endpoints (0)
5. checking no_input_delay (1)
6. checking no_output_delay (43)
7. checking multiple_clock (0)
8. checking generated_clocks (0)
9. checking loops (0)
10. checking partial_input_delay (0)
11. checking partial_output_delay (0)
12. checking latch_loops (0)

1. checking no_clock (0)
------------------------
 There are 0 register/latch pins with no clock.


2. checking constant_clock (0)
------------------------------
 There are 0 register/latch pins with constant_clock.


3. checking pulse_width_clock (0)
---------------------------------
 There are 0 register/latch pins which need pulse_width check


4. checking unconstrained_internal_endpoints (0)
------------------------------------------------
 There are 0 pins that are not constrained for maximum delay.

 There are 0 pins that are not constrained for maximum delay due to constant clock.


5. checking no_input_delay (1)
------------------------------
 There is 1 input port with no input delay specified. (HIGH)

 There are 0 input ports with no input delay but user has a false path constraint.


6. checking no_output_delay (43)
--------------------------------
 There are 43 ports with no output delay specified. (HIGH)

 There are 0 ports with no output delay but user has a false path constraint

 There are 0 ports with no output delay but with a timing clock defined on it or propagating through it


7. checking multiple_clock (0)
------------------------------
 There are 0 register/latch pins with multiple clocks.


8. checking generated_clocks (0)
--------------------------------
 There are 0 generated clocks that are not connected to a clock source.


9. checking loops (0)
---------------------
 There are 0 combinational loops in the design.


10. checking partial_input_delay (0)
------------------------------------
 There are 0 input ports with partial input delay specified.


11. checking partial_output_delay (0)
-------------------------------------
 There are 0 ports with partial output delay specified.


12. checking latch_loops (0)
----------------------------
 There are 0 combinational latch loops in the design through latch input



------------------------------------------------------------------------------------------------
| Design Timing Summary
| ---------------------
------------------------------------------------------------------------------------------------

    WNS(ns)      TNS(ns)  TNS Failing Endpoints  TNS Total Endpoints     WPWS(ns)     TPWS(ns)  TPWS Failing Endpoints  TPWS Total Endpoints  
    -------      -------  ---------------------  -------------------     --------     --------  ----------------------  --------------------  
      0.429        0.000                      0                 3826        3.750        0.000                       0                  1560  


All user specified timing constraints are met.


------------------------------------------------------------------------------------------------
| Clock Summary
| -------------
------------------------------------------------------------------------------------------------

Clock  Waveform(ns)       Period(ns)      Frequency(MHz)
-----  ------------       ----------      --------------
iClk   {0.000 5.000}      10.000          100.000         


------------------------------------------------------------------------------------------------
| Intra Clock Table
| -----------------
------------------------------------------------------------------------------------------------

Clock             WNS(ns)      TNS(ns)  TNS Failing Endpoints  TNS Total Endpoints     WPWS(ns)     TPWS(ns)  TPWS Failing Endpoints  TPWS Total Endpoints  
-----             -------      -------  ---------------------  -------------------     --------     --------  ----------------------  --------------------  
iClk                0.429        0.000                      0                 3826        3.750        0.000                       0                  1560  


------------------------------------------------------------------------------------------------
| Inter Clock Table
| -----------------
------------------------------------------------------------------------------------------------

From Clock    To Clock          WNS(ns)      TNS(ns)  TNS Failing Endpoints  TNS Total Endpoints  
----------    --------          -------      -------  ---------------------  -------------------  


------------------------------------------------------------------------------------------------
| Other Path Groups Table
| -----------------------
------------------------------------------------------------------------------------------------

Path Group    From Clock    To Clock          WNS(ns)      TNS(ns)  TNS Failing Endpoints  TNS Total Endpoints  
----------    ----------    --------          -------      -------  ---------------------  -------------------  


------------------------------------------------------------------------------------------------
| Timing Details
| --------------
------------------------------------------------------------------------------------------------


---------------------------------------------------------------------------------------------------
From Clock:  iClk
  To Clock:  iClk

Setup :            0  Failing Endpoints,  Worst Slack        0.429ns,  Total Violation        0.000ns
Hold  :           NA  Failing Endpoints,  Worst Slack           NA  ,  Total Violation           NA
PW    :            0  Failing Endpoints,  Worst Slack        3.750ns,  Total Violation        0.000ns
---------------------------------------------------------------------------------------------------


Max Delay Paths
--------------------------------------------------------------------------------------
Slack (MET) :             0.429ns  (required time - arrival time)
  Source:                 uExecuteStage/oExMemRdAddr_reg[2]/C
                            (rising edge-triggered cell FDCE clocked by iClk  {rise@0.000ns fall@5.000ns period=10.000ns})
  Destination:            uDecodeStage/oIdExPc_reg[5]/D
                            (rising edge-triggered cell FDCE clocked by iClk  {rise@0.000ns fall@5.000ns period=10.000ns})
  Path Group:             iClk
  Path Type:              Setup (Max at Slow Process Corner)
  Requirement:            10.000ns  (iClk rise@10.000ns - iClk rise@0.000ns)
  Data Path Delay:        9.568ns  (logic 2.401ns (25.094%)  route 7.167ns (74.906%))
  Logic Levels:           12  (CARRY4=3 LUT2=1 LUT4=2 LUT5=1 LUT6=5)
  Clock Path Skew:        -0.049ns (DCD - SCD + CPR)
    Destination Clock Delay (DCD):    0.924ns = ( 10.924 - 10.000 ) 
    Source Clock Delay      (SCD):    0.973ns
    Clock Pessimism Removal (CPR):    0.000ns
  Clock Uncertainty:      0.035ns  ((TSJ^2 + TIJ^2)^1/2 + DJ) / 2 + PE
    Total System Jitter     (TSJ):    0.071ns
    Total Input Jitter      (TIJ):    0.000ns
    Discrete Jitter          (DJ):    0.000ns
    Phase Error              (PE):    0.000ns

    Location             Delay type                Incr(ns)  Path(ns)    Netlist Resource(s)
  -------------------------------------------------------------------    -------------------
                         (clock iClk rise edge)       0.000     0.000 r  
                                                      0.000     0.000 r  iClk (IN)
                         net (fo=1559, unset)         0.973     0.973    uExecuteStage/iClk
    SLICE_X8Y40          FDCE                                         r  uExecuteStage/oExMemRdAddr_reg[2]/C
  -------------------------------------------------------------------    -------------------
    SLICE_X8Y40          FDCE (Prop_fdce_C_Q)         0.518     1.491 r  uExecuteStage/oExMemRdAddr_reg[2]/Q
                         net (fo=4, routed)           1.036     2.527    uExecuteStage/Q[2]
    SLICE_X9Y41          LUT6 (Prop_lut6_I3_O)        0.124     2.651 f  uExecuteStage/oDbgForwardB[1]_INST_0_i_2/O
                         net (fo=1, routed)           0.404     3.055    uExecuteStage/oDbgForwardB[1]_INST_0_i_2_n_0
    SLICE_X9Y39          LUT6 (Prop_lut6_I3_O)        0.124     3.179 f  uExecuteStage/oDbgForwardB[1]_INST_0/O
                         net (fo=35, routed)          0.525     3.705    uMemStage/oExMemStoreData_reg[1]
    SLICE_X8Y39          LUT5 (Prop_lut5_I0_O)        0.124     3.829 f  uMemStage/oExMemStoreData[31]_i_2/O
                         net (fo=28, routed)          0.941     4.769    uMemStage/oExMemStoreData[31]_i_2_n_0
    SLICE_X12Y36         LUT6 (Prop_lut6_I3_O)        0.124     4.893 r  uMemStage/oExMemStoreData[10]_i_1/O
                         net (fo=7, routed)           0.857     5.750    uMemStage/wExStoreData[10]
    SLICE_X12Y42         LUT4 (Prop_lut4_I2_O)        0.124     5.874 r  uMemStage/oDbgExPcRedirectEn_INST_0_i_66/O
                         net (fo=1, routed)           0.000     5.874    uMemStage/oDbgExPcRedirectEn_INST_0_i_66_n_0
    SLICE_X12Y42         CARRY4 (Prop_carry4_S[1]_CO[3])
                                                      0.533     6.407 r  uMemStage/oDbgExPcRedirectEn_INST_0_i_36/CO[3]
                         net (fo=1, routed)           0.000     6.407    uMemStage/oDbgExPcRedirectEn_INST_0_i_36_n_0
    SLICE_X12Y43         CARRY4 (Prop_carry4_CI_CO[3])
                                                      0.117     6.524 r  uMemStage/oDbgExPcRedirectEn_INST_0_i_14/CO[3]
                         net (fo=1, routed)           0.000     6.524    uMemStage/oDbgExPcRedirectEn_INST_0_i_14_n_0
    SLICE_X12Y44         CARRY4 (Prop_carry4_CI_CO[3])
                                                      0.117     6.641 r  uMemStage/oDbgExPcRedirectEn_INST_0_i_3/CO[3]
                         net (fo=1, routed)           1.090     7.732    uMemStage/uExecuteStage/data2
    SLICE_X14Y38         LUT6 (Prop_lut6_I2_O)        0.124     7.856 f  uMemStage/oDbgExPcRedirectEn_INST_0_i_1/O
                         net (fo=1, routed)           0.162     8.018    uDecodeStage/wExBranchTaken
    SLICE_X14Y38         LUT4 (Prop_lut4_I3_O)        0.124     8.142 f  uDecodeStage/oDbgExPcRedirectEn_INST_0/O
                         net (fo=124, routed)         0.629     8.771    uFetchStage/oIfIdInstr_reg[4]_0
    SLICE_X13Y42         LUT6 (Prop_lut6_I5_O)        0.124     8.895 f  uFetchStage/oIdExValid_i_2/O
                         net (fo=190, routed)         1.522    10.417    uFetchStage/oIdExValid_i_2_n_0
    SLICE_X30Y39         LUT2 (Prop_lut2_I1_O)        0.124    10.541 r  uFetchStage/oIdExPc[5]_i_1/O
                         net (fo=1, routed)           0.000    10.541    uDecodeStage/oIdExPc_reg[31]_1[4]
    SLICE_X30Y39         FDCE                                         r  uDecodeStage/oIdExPc_reg[5]/D
  -------------------------------------------------------------------    -------------------

                         (clock iClk rise edge)      10.000    10.000 r  
                                                      0.000    10.000 r  iClk (IN)
                         net (fo=1559, unset)         0.924    10.924    uDecodeStage/iClk
    SLICE_X30Y39         FDCE                                         r  uDecodeStage/oIdExPc_reg[5]/C
                         clock pessimism              0.000    10.924    
                         clock uncertainty           -0.035    10.889    
    SLICE_X30Y39         FDCE (Setup_fdce_C_D)        0.081    10.970    uDecodeStage/oIdExPc_reg[5]
  -------------------------------------------------------------------
                         required time                         10.970    
                         arrival time                         -10.541    
  -------------------------------------------------------------------
                         slack                                  0.429    





Pulse Width Checks
--------------------------------------------------------------------------------------
Clock Name:         iClk
Waveform(ns):       { 0.000 5.000 }
Period(ns):         10.000
Sources:            { iClk }

Check Type        Corner  Lib Pin      Reference Pin  Required(ns)  Actual(ns)  Slack(ns)  Location      Pin
Min Period        n/a     FDCE/C       n/a            1.000         10.000      9.000      SLICE_X28Y35  uDecodeStage/oIdExAluASel_reg[0]/C
Low Pulse Width   Slow    RAMS64E/CLK  n/a            1.250         5.000       3.750      SLICE_X10Y35  uMemStage/uDataRam/rMemRam_reg_0_255_0_0/RAMS64E_A/CLK
High Pulse Width  Slow    RAMS64E/CLK  n/a            1.250         5.000       3.750      SLICE_X10Y35  uMemStage/uDataRam/rMemRam_reg_0_255_0_0/RAMS64E_A/CLK



