#-----------------------------------------------------------
# Vivado v2020.2 (64-bit)
# SW Build 3064766 on Wed Nov 18 09:12:45 MST 2020
# IP Build 3064653 on Wed Nov 18 14:17:31 MST 2020
# Start of session at: Sat Mar 21 02:29:07 2026
# Process ID: 30872
# Current directory: D:/02_learning_lab/fpga/portfoloio_uvm1
# Command line: vivado.exe -mode batch -source D:\02_learning_lab\fpga\portfoloio_uvm1\FPGA_Auto_Project\templates\contexts\simulation\adapters\tcl\sim_run_vivado_nogui.tcl -log D:\02_learning_lab\fpga\portfoloio_uvm1\FPGA_Auto_Project\Project\veri1\log\portfolio\uart_async_fifo_vivado.log -journal D:\02_learning_lab\fpga\portfoloio_uvm1\FPGA_Auto_Project\Project\veri1\log\portfolio\uart_async_fifo_vivado.jou -notrace -tclargs D:\02_learning_lab\fpga\portfoloio_uvm1\FPGA_Auto_Project\Project\veri1 tb_uart_async_fifo D:\Xilinx\Vivado\2024.1 D:\02_learning_lab\fpga\portfoloio_uvm1\FPGA_Auto_Project\Project\Veri1\output\manifest\manifest_src_files.lst D:\02_learning_lab\fpga\portfoloio_uvm1\FPGA_Auto_Project\Project\Veri1\output\manifest\manifest_tb_files.lst D:\02_learning_lab\fpga\portfoloio_uvm1\FPGA_Auto_Project\Project\Veri1\output\manifest\manifest_inc_dirs.lst D:\02_learning_lab\fpga\portfoloio_uvm1\FPGA_Auto_Project\Project\veri1\tb\uart_async_fifo\tb_uart_async_fifo.sv -testplusarg TESTNAME all
# Log file: D:/02_learning_lab/fpga/portfoloio_uvm1/FPGA_Auto_Project/Project/veri1/log/portfolio/uart_async_fifo_vivado.log
# Journal file: D:\02_learning_lab\fpga\portfoloio_uvm1\FPGA_Auto_Project\Project\veri1\log\portfolio\uart_async_fifo_vivado.jou
#-----------------------------------------------------------
source {D:\02_learning_lab\fpga\portfoloio_uvm1\FPGA_Auto_Project\templates\contexts\simulation\adapters\tcl\sim_run_vivado_nogui.tcl} -notrace
[INFO] Loading build config: D:/02_learning_lab/fpga/portfoloio_uvm1/FPGA_Auto_Project/templates/contexts/vivado/domain/project_build_config.tcl
[INFO] Applying TB scope filter by selected file folder: D:/02_learning_lab/fpga/portfoloio_uvm1/FPGA_Auto_Project/Project/Veri1/tb/uart_async_fifo
[INFO] Creating Vivado project: sim_nogui_tb_uart_async_fifo
[INFO] Project directory: D:/Xilinx/Vivado/2024.1/project/sim_nogui_tb_uart_async_fifo
create_project: Time (s): cpu = 00:00:03 ; elapsed = 00:00:06 . Memory (MB): peak = 1106.738 ; gain = 0.000
[INFO] Adding source files: 12
[INFO] Adding testbench files: 3
[INFO] Setting include dirs: 1
[INFO] Setting simulation top: tb_uart_async_fifo
[INFO] Setting xsim.more_options: -testplusarg TESTNAME=all
[INFO] Initial launch runtime set to 0ns (auto replay mode)
[INFO] Launching simulation in batch mode...
Command: launch_simulation 
INFO: [Vivado 12-5682] Launching behavioral simulation in 'D:/Xilinx/Vivado/2024.1/project/sim_nogui_tb_uart_async_fifo/sim_nogui_tb_uart_async_fifo.sim/sim_1/behav/xsim'
INFO: [SIM-utils-51] Simulation object is 'sim_1'
INFO: [SIM-utils-54] Inspecting design source files for 'tb_uart_async_fifo' in fileset 'sim_1'...
INFO: [USF-XSim-97] Finding global include files...
INFO: [USF-XSim-98] Fetching design files from 'sim_1'...
INFO: [USF-XSim-2] XSim::Compile design
INFO: [USF-XSim-61] Executing 'COMPILE and ANALYZE' step in 'D:/Xilinx/Vivado/2024.1/project/sim_nogui_tb_uart_async_fifo/sim_nogui_tb_uart_async_fifo.sim/sim_1/behav/xsim'
"xvlog --incr --relax -L uvm -prj tb_uart_async_fifo_vlog.prj"
INFO: [VRFC 10-2263] Analyzing Verilog file "D:/02_learning_lab/fpga/portfoloio_uvm1/FPGA_Auto_Project/Project/Veri1/src/baud_rate_gen.v" into library xil_defaultlib
INFO: [VRFC 10-311] analyzing module baud_rate_gen
INFO: [VRFC 10-2263] Analyzing Verilog file "D:/02_learning_lab/fpga/portfoloio_uvm1/FPGA_Auto_Project/Project/Veri1/src/uart_rx.v" into library xil_defaultlib
INFO: [VRFC 10-311] analyzing module uart_rx
INFO: [VRFC 10-2263] Analyzing SystemVerilog file "D:/02_learning_lab/fpga/portfoloio_uvm1/FPGA_Auto_Project/Project/Veri1/src/async_fifo.sv" into library xil_defaultlib
INFO: [VRFC 10-311] analyzing module async_fifo
INFO: [VRFC 10-2263] Analyzing SystemVerilog file "D:/02_learning_lab/fpga/portfoloio_uvm1/FPGA_Auto_Project/Project/Veri1/tb/uart_async_fifo/uart_async_fifo_tb_pkg.sv" into library xil_defaultlib
INFO: [VRFC 10-2263] Analyzing SystemVerilog file "D:/02_learning_lab/fpga/portfoloio_uvm1/FPGA_Auto_Project/Project/Veri1/tb/uart_async_fifo/uart_async_fifo_if.sv" into library xil_defaultlib
INFO: [VRFC 10-2263] Analyzing SystemVerilog file "D:/02_learning_lab/fpga/portfoloio_uvm1/FPGA_Auto_Project/Project/Veri1/src/uart_rx_async_fifo_bridge.sv" into library xil_defaultlib
INFO: [VRFC 10-311] analyzing module uart_rx_async_fifo_bridge
INFO: [VRFC 10-2263] Analyzing SystemVerilog file "D:/02_learning_lab/fpga/portfoloio_uvm1/FPGA_Auto_Project/Project/Veri1/tb/uart_async_fifo/tb_uart_async_fifo.sv" into library xil_defaultlib
INFO: [VRFC 10-311] analyzing module tb_uart_async_fifo
INFO: [VRFC 10-2263] Analyzing Verilog file "D:/Xilinx/Vivado/2024.1/project/sim_nogui_tb_uart_async_fifo/sim_nogui_tb_uart_async_fifo.sim/sim_1/behav/xsim/glbl.v" into library xil_defaultlib
INFO: [VRFC 10-311] analyzing module glbl
INFO: [USF-XSim-69] 'compile' step finished in '2' seconds
INFO: [USF-XSim-3] XSim::Elaborate design
INFO: [USF-XSim-61] Executing 'ELABORATE' step in 'D:/Xilinx/Vivado/2024.1/project/sim_nogui_tb_uart_async_fifo/sim_nogui_tb_uart_async_fifo.sim/sim_1/behav/xsim'
"xelab -wto 18aa08d62133483488e7e709f0094ab3 --incr --debug typical --relax --mt 2 -L xil_defaultlib -L uvm -L unisims_ver -L unimacro_ver -L secureip --snapshot tb_uart_async_fifo_behav xil_defaultlib.tb_uart_async_fifo xil_defaultlib.glbl -log elaborate.log"
Vivado Simulator 2020.2
Copyright 1986-1999, 2001-2020 Xilinx, Inc. All Rights Reserved.
Running: C:/Xilinx/Vivado/2020.2/bin/unwrapped/win64.o/xelab.exe -wto 18aa08d62133483488e7e709f0094ab3 --incr --debug typical --relax --mt 2 -L xil_defaultlib -L uvm -L unisims_ver -L unimacro_ver -L secureip --snapshot tb_uart_async_fifo_behav xil_defaultlib.tb_uart_async_fifo xil_defaultlib.glbl -log elaborate.log 
Using 2 slave threads.
Starting static elaboration
Pass Through NonSizing Optimizer
Completed static elaboration
Starting simulation data flow analysis
Completed simulation data flow analysis
Time Resolution for simulation is 1ps
Compiling package xil_defaultlib.uart_async_fifo_tb_pkg
Compiling package std.std
Compiling module xil_defaultlib.uart_async_fifo_if
Compiling module xil_defaultlib.uart_rx
Compiling module xil_defaultlib.async_fifo_default
Compiling module xil_defaultlib.uart_rx_async_fifo_bridge
Compiling module xil_defaultlib.baud_rate_gen_default
Compiling module xil_defaultlib.tb_uart_async_fifo
Compiling module xil_defaultlib.glbl
Built simulation snapshot tb_uart_async_fifo_behav

****** Webtalk v2020.2 (64-bit)
  **** SW Build 3064766 on Wed Nov 18 09:12:45 MST 2020
  **** IP Build 3064653 on Wed Nov 18 14:17:31 MST 2020
    ** Copyright 1986-2020 Xilinx, Inc. All Rights Reserved.

source D:/Xilinx/Vivado/2024.1/project/sim_nogui_tb_uart_async_fifo/sim_nogui_tb_uart_async_fifo.sim/sim_1/behav/xsim/xsim.dir/tb_uart_async_fifo_behav/webtalk/xsim_webtalk.tcl -notrace
INFO: [Common 17-206] Exiting Webtalk at Sat Mar 21 02:29:30 2026...
run_program: Time (s): cpu = 00:00:00 ; elapsed = 00:00:06 . Memory (MB): peak = 1106.738 ; gain = 0.000
INFO: [USF-XSim-69] 'elaborate' step finished in '7' seconds
INFO: [USF-XSim-4] XSim::Simulate design
INFO: [USF-XSim-61] Executing 'SIMULATE' step in 'D:/Xilinx/Vivado/2024.1/project/sim_nogui_tb_uart_async_fifo/sim_nogui_tb_uart_async_fifo.sim/sim_1/behav/xsim'
INFO: [USF-XSim-98] *** Running xsim
   with args "tb_uart_async_fifo_behav -key {Behavioral:sim_1:Functional:tb_uart_async_fifo} -tclbatch {tb_uart_async_fifo.tcl} -log {simulate.log} -testplusarg TESTNAME=all"
INFO: [USF-XSim-8] Loading simulator feature
Vivado Simulator 2020.2
Time resolution is 1 ps
source tb_uart_async_fifo.tcl
WARNING: Simulation object /tb_uart_async_fifo/env was not traceable in the design for the following reason:
Vivado Simulator does not support tracing of System Verilog Dynamic Type object.
[TB] Starting UART+async FIFO verification
INFO: [USF-XSim-96] XSim completed. Design snapshot 'tb_uart_async_fifo_behav' loaded.
INFO: [USF-XSim-97] XSim simulation ran for 0ns
launch_simulation: Time (s): cpu = 00:00:00 ; elapsed = 00:00:11 . Memory (MB): peak = 1106.738 ; gain = 0.000
[INFO] Auto replay: restart + run all
INFO: [Simtcl 6-17] Simulation restarted
[TB] Starting UART+async FIFO verification
[UART-AF][DRV] reset released
[UART-AF][DRV] sent byte=90 scenario=fill_async pop_after=0 t=1041705000
[UART-AF][DRV] sent byte=ee scenario=fill_async pop_after=0 t=2083305000
[UART-AF][DRV] sent byte=45 scenario=fill_async pop_after=0 t=3124905000
[UART-AF][MON] popped byte=90 t=4166533000
[UART-AF][SCB] PASS idx=0 scenario=fill_async data=90
[UART-AF][MON] popped byte=ee t=4166561000
[UART-AF][SCB] PASS idx=1 scenario=fill_async data=ee
[UART-AF][MON] popped byte=45 t=4166589000
[UART-AF][SCB] PASS idx=2 scenario=fill_async data=45
[UART-AF][DRV] sent byte=db scenario=fill_async pop_after=4 t=4166610000
[UART-AF][MON] popped byte=db t=4166617000
[UART-AF][SCB] PASS idx=3 scenario=fill_async data=db
[UART-AF][DRV] sent byte=a6 scenario=fill_async pop_after=0 t=5208105000
[UART-AF][DRV] sent byte=aa scenario=fill_async pop_after=0 t=6249705000
[UART-AF][DRV] sent byte=84 scenario=balanced_async pop_after=1 t=7291326000
[UART-AF][MON] popped byte=a6 t=7291333000
[UART-AF][SCB] PASS idx=4 scenario=fill_async data=a6
[UART-AF][DRV] sent byte=7 scenario=balanced_async pop_after=1 t=8332926000
[UART-AF][MON] popped byte=aa t=8332933000
[UART-AF][SCB] PASS idx=5 scenario=fill_async data=aa
[UART-AF][DRV] sent byte=c scenario=balanced_async pop_after=1 t=9374526000
[UART-AF][MON] popped byte=84 t=9374533000
[UART-AF][SCB] PASS idx=6 scenario=balanced_async data=84
[UART-AF][DRV] sent byte=dc scenario=balanced_async pop_after=1 t=10416126000
[UART-AF][MON] popped byte=7 t=10416133000
[UART-AF][SCB] PASS idx=7 scenario=balanced_async data=7
[UART-AF][DRV] sent byte=43 scenario=balanced_async pop_after=1 t=11457726000
[UART-AF][MON] popped byte=c t=11457733000
[UART-AF][SCB] PASS idx=8 scenario=balanced_async data=c
[UART-AF][DRV] sent byte=9f scenario=balanced_async pop_after=1 t=12499326000
[UART-AF][MON] popped byte=dc t=12499333000
[UART-AF][SCB] PASS idx=9 scenario=balanced_async data=dc
[UART-AF][DRV] sent byte=53 scenario=drain_async pop_after=0 t=13540905000
[UART-AF][MON] popped byte=43 t=14582533000
[UART-AF][SCB] PASS idx=10 scenario=balanced_async data=43
[UART-AF][DRV] sent byte=59 scenario=drain_async pop_after=2 t=14582554000
[UART-AF][MON] popped byte=9f t=14582561000
[UART-AF][SCB] PASS idx=11 scenario=balanced_async data=9f
[UART-AF][DRV] sent byte=b4 scenario=drain_async pop_after=0 t=15624105000
[UART-AF][MON] popped byte=53 t=16665733000
[UART-AF][SCB] PASS idx=12 scenario=drain_async data=53
[UART-AF][DRV] sent byte=67 scenario=drain_async pop_after=2 t=16665754000
[UART-AF][MON] popped byte=59 t=16665761000
[UART-AF][SCB] PASS idx=13 scenario=drain_async data=59
[UART-AF][DRV] sent byte=14 scenario=drain_async pop_after=0 t=17707305000
[UART-AF][MON] popped byte=b4 t=18748933000
[UART-AF][SCB] PASS idx=14 scenario=drain_async data=b4
[UART-AF][DRV] sent byte=9 scenario=drain_async pop_after=2 t=18748954000
[UART-AF][GEN] finished run_count=18
[UART-AF][MON] popped byte=67 t=18748961000
[UART-AF][SCB] PASS idx=15 scenario=drain_async data=67
[UART-AF][MON] popped byte=14 t=18748989000
[UART-AF][SCB] PASS idx=16 scenario=drain_async data=14
[UART-AF][DRV] drained remaining async FIFO content
[UART-AF][MON] popped byte=9 t=18749017000
[UART-AF][SCB] PASS idx=17 scenario=drain_async data=9
[UART-AF][SCB][SUMMARY] sample=18 pass=18 fail=0
[UART-AF][SCB][COVERAGE] functional_coverage=100.00%
[UART-AF][SCB][PASS] UART+async FIFO scoreboard completed without mismatches
[UART-AF][ENV] run finished
[TB] tb_uart_async_fifo finished
$finish called at time : 18749037 ns : File "D:/02_learning_lab/fpga/portfoloio_uvm1/FPGA_Auto_Project/Project/Veri1/tb/uart_async_fifo/tb_uart_async_fifo.sv" Line 84
run: Time (s): cpu = 00:00:00 ; elapsed = 00:00:06 . Memory (MB): peak = 1106.738 ; gain = 0.000
[INFO] Auto replay run all completed.
INFO: [Simtcl 6-16] Simulation closed
[SUCCESS] Auto replay completed for top: tb_uart_async_fifo
INFO: [Common 17-206] Exiting Vivado at Sat Mar 21 02:29:42 2026...
