#-----------------------------------------------------------
# Vivado v2020.2 (64-bit)
# SW Build 3064766 on Wed Nov 18 09:12:45 MST 2020
# IP Build 3064653 on Wed Nov 18 14:17:31 MST 2020
# Start of session at: Sat Mar 21 02:28:24 2026
# Process ID: 31056
# Current directory: D:/02_learning_lab/fpga/portfoloio_uvm1
# Command line: vivado.exe -mode batch -source D:\02_learning_lab\fpga\portfoloio_uvm1\FPGA_Auto_Project\templates\contexts\simulation\adapters\tcl\sim_run_vivado_nogui.tcl -log D:\02_learning_lab\fpga\portfoloio_uvm1\FPGA_Auto_Project\Project\veri1\log\portfolio\uart_tx_fifo_vivado.log -journal D:\02_learning_lab\fpga\portfoloio_uvm1\FPGA_Auto_Project\Project\veri1\log\portfolio\uart_tx_fifo_vivado.jou -notrace -tclargs D:\02_learning_lab\fpga\portfoloio_uvm1\FPGA_Auto_Project\Project\veri1 tb_uart_tx_fifo D:\Xilinx\Vivado\2024.1 D:\02_learning_lab\fpga\portfoloio_uvm1\FPGA_Auto_Project\Project\Veri1\output\manifest\manifest_src_files.lst D:\02_learning_lab\fpga\portfoloio_uvm1\FPGA_Auto_Project\Project\Veri1\output\manifest\manifest_tb_files.lst D:\02_learning_lab\fpga\portfoloio_uvm1\FPGA_Auto_Project\Project\Veri1\output\manifest\manifest_inc_dirs.lst D:\02_learning_lab\fpga\portfoloio_uvm1\FPGA_Auto_Project\Project\veri1\tb\uart_tx_fifo\tb_uart_tx_fifo.sv -testplusarg TESTNAME all
# Log file: D:/02_learning_lab/fpga/portfoloio_uvm1/FPGA_Auto_Project/Project/veri1/log/portfolio/uart_tx_fifo_vivado.log
# Journal file: D:\02_learning_lab\fpga\portfoloio_uvm1\FPGA_Auto_Project\Project\veri1\log\portfolio\uart_tx_fifo_vivado.jou
#-----------------------------------------------------------
source {D:\02_learning_lab\fpga\portfoloio_uvm1\FPGA_Auto_Project\templates\contexts\simulation\adapters\tcl\sim_run_vivado_nogui.tcl} -notrace
[INFO] Loading build config: D:/02_learning_lab/fpga/portfoloio_uvm1/FPGA_Auto_Project/templates/contexts/vivado/domain/project_build_config.tcl
[INFO] Applying TB scope filter by selected file folder: D:/02_learning_lab/fpga/portfoloio_uvm1/FPGA_Auto_Project/Project/Veri1/tb/uart_tx_fifo
[INFO] Creating Vivado project: sim_nogui_tb_uart_tx_fifo
[INFO] Project directory: D:/Xilinx/Vivado/2024.1/project/sim_nogui_tb_uart_tx_fifo
create_project: Time (s): cpu = 00:00:02 ; elapsed = 00:00:06 . Memory (MB): peak = 1106.238 ; gain = 0.000
[INFO] Adding source files: 12
[INFO] Adding testbench files: 3
[INFO] Setting include dirs: 1
[INFO] Setting simulation top: tb_uart_tx_fifo
[INFO] Setting xsim.more_options: -testplusarg TESTNAME=all
[INFO] Initial launch runtime set to 0ns (auto replay mode)
[INFO] Launching simulation in batch mode...
Command: launch_simulation 
INFO: [Vivado 12-5682] Launching behavioral simulation in 'D:/Xilinx/Vivado/2024.1/project/sim_nogui_tb_uart_tx_fifo/sim_nogui_tb_uart_tx_fifo.sim/sim_1/behav/xsim'
INFO: [SIM-utils-51] Simulation object is 'sim_1'
INFO: [SIM-utils-54] Inspecting design source files for 'tb_uart_tx_fifo' in fileset 'sim_1'...
INFO: [USF-XSim-97] Finding global include files...
INFO: [USF-XSim-98] Fetching design files from 'sim_1'...
INFO: [USF-XSim-2] XSim::Compile design
INFO: [USF-XSim-61] Executing 'COMPILE and ANALYZE' step in 'D:/Xilinx/Vivado/2024.1/project/sim_nogui_tb_uart_tx_fifo/sim_nogui_tb_uart_tx_fifo.sim/sim_1/behav/xsim'
"xvlog --incr --relax -L uvm -prj tb_uart_tx_fifo_vlog.prj"
INFO: [VRFC 10-2263] Analyzing Verilog file "D:/02_learning_lab/fpga/portfoloio_uvm1/FPGA_Auto_Project/Project/Veri1/src/baud_rate_gen.v" into library xil_defaultlib
INFO: [VRFC 10-311] analyzing module baud_rate_gen
INFO: [VRFC 10-2263] Analyzing Verilog file "D:/02_learning_lab/fpga/portfoloio_uvm1/FPGA_Auto_Project/Project/Veri1/src/uart_rx.v" into library xil_defaultlib
INFO: [VRFC 10-311] analyzing module uart_rx
INFO: [VRFC 10-2263] Analyzing Verilog file "D:/02_learning_lab/fpga/portfoloio_uvm1/FPGA_Auto_Project/Project/Veri1/src/uart_tx.v" into library xil_defaultlib
INFO: [VRFC 10-311] analyzing module uart_tx
INFO: [VRFC 10-2263] Analyzing SystemVerilog file "D:/02_learning_lab/fpga/portfoloio_uvm1/FPGA_Auto_Project/Project/Veri1/src/sync_fifo.sv" into library xil_defaultlib
INFO: [VRFC 10-311] analyzing module sync_fifo
INFO: [VRFC 10-2263] Analyzing SystemVerilog file "D:/02_learning_lab/fpga/portfoloio_uvm1/FPGA_Auto_Project/Project/Veri1/tb/uart_tx_fifo/uart_tx_fifo_tb_pkg.sv" into library xil_defaultlib
INFO: [VRFC 10-2263] Analyzing SystemVerilog file "D:/02_learning_lab/fpga/portfoloio_uvm1/FPGA_Auto_Project/Project/Veri1/src/uart_tx_fifo_bridge.sv" into library xil_defaultlib
INFO: [VRFC 10-311] analyzing module uart_tx_fifo_bridge
INFO: [VRFC 10-2263] Analyzing SystemVerilog file "D:/02_learning_lab/fpga/portfoloio_uvm1/FPGA_Auto_Project/Project/Veri1/tb/uart_tx_fifo/uart_tx_fifo_if.sv" into library xil_defaultlib
INFO: [VRFC 10-2263] Analyzing SystemVerilog file "D:/02_learning_lab/fpga/portfoloio_uvm1/FPGA_Auto_Project/Project/Veri1/tb/uart_tx_fifo/tb_uart_tx_fifo.sv" into library xil_defaultlib
INFO: [VRFC 10-311] analyzing module tb_uart_tx_fifo
INFO: [VRFC 10-2263] Analyzing Verilog file "D:/Xilinx/Vivado/2024.1/project/sim_nogui_tb_uart_tx_fifo/sim_nogui_tb_uart_tx_fifo.sim/sim_1/behav/xsim/glbl.v" into library xil_defaultlib
INFO: [VRFC 10-311] analyzing module glbl
INFO: [USF-XSim-69] 'compile' step finished in '2' seconds
INFO: [USF-XSim-3] XSim::Elaborate design
INFO: [USF-XSim-61] Executing 'ELABORATE' step in 'D:/Xilinx/Vivado/2024.1/project/sim_nogui_tb_uart_tx_fifo/sim_nogui_tb_uart_tx_fifo.sim/sim_1/behav/xsim'
"xelab -wto 11a5601a91964dcd873ac6515c9e296d --incr --debug typical --relax --mt 2 -L xil_defaultlib -L uvm -L unisims_ver -L unimacro_ver -L secureip --snapshot tb_uart_tx_fifo_behav xil_defaultlib.tb_uart_tx_fifo xil_defaultlib.glbl -log elaborate.log"
Vivado Simulator 2020.2
Copyright 1986-1999, 2001-2020 Xilinx, Inc. All Rights Reserved.
Running: C:/Xilinx/Vivado/2020.2/bin/unwrapped/win64.o/xelab.exe -wto 11a5601a91964dcd873ac6515c9e296d --incr --debug typical --relax --mt 2 -L xil_defaultlib -L uvm -L unisims_ver -L unimacro_ver -L secureip --snapshot tb_uart_tx_fifo_behav xil_defaultlib.tb_uart_tx_fifo xil_defaultlib.glbl -log elaborate.log 
Using 2 slave threads.
Starting static elaboration
Pass Through NonSizing Optimizer
Completed static elaboration
Starting simulation data flow analysis
Completed simulation data flow analysis
Time Resolution for simulation is 1ps
Compiling package xil_defaultlib.uart_tx_fifo_tb_pkg
Compiling package std.std
Compiling module xil_defaultlib.uart_tx_fifo_if
Compiling module xil_defaultlib.sync_fifo_default
Compiling module xil_defaultlib.uart_tx
Compiling module xil_defaultlib.uart_tx_fifo_bridge
Compiling module xil_defaultlib.uart_rx
Compiling module xil_defaultlib.baud_rate_gen_default
Compiling module xil_defaultlib.tb_uart_tx_fifo
Compiling module xil_defaultlib.glbl
Built simulation snapshot tb_uart_tx_fifo_behav

****** Webtalk v2020.2 (64-bit)
  **** SW Build 3064766 on Wed Nov 18 09:12:45 MST 2020
  **** IP Build 3064653 on Wed Nov 18 14:17:31 MST 2020
    ** Copyright 1986-2020 Xilinx, Inc. All Rights Reserved.

source D:/Xilinx/Vivado/2024.1/project/sim_nogui_tb_uart_tx_fifo/sim_nogui_tb_uart_tx_fifo.sim/sim_1/behav/xsim/xsim.dir/tb_uart_tx_fifo_behav/webtalk/xsim_webtalk.tcl -notrace
INFO: [Common 17-206] Exiting Webtalk at Sat Mar 21 02:28:48 2026...
run_program: Time (s): cpu = 00:00:00 ; elapsed = 00:00:06 . Memory (MB): peak = 1106.238 ; gain = 0.000
INFO: [USF-XSim-69] 'elaborate' step finished in '7' seconds
INFO: [USF-XSim-4] XSim::Simulate design
INFO: [USF-XSim-61] Executing 'SIMULATE' step in 'D:/Xilinx/Vivado/2024.1/project/sim_nogui_tb_uart_tx_fifo/sim_nogui_tb_uart_tx_fifo.sim/sim_1/behav/xsim'
INFO: [USF-XSim-98] *** Running xsim
   with args "tb_uart_tx_fifo_behav -key {Behavioral:sim_1:Functional:tb_uart_tx_fifo} -tclbatch {tb_uart_tx_fifo.tcl} -log {simulate.log} -testplusarg TESTNAME=all"
INFO: [USF-XSim-8] Loading simulator feature
Vivado Simulator 2020.2
Time resolution is 1 ps
source tb_uart_tx_fifo.tcl
WARNING: Simulation object /tb_uart_tx_fifo/env was not traceable in the design for the following reason:
Vivado Simulator does not support tracing of System Verilog Dynamic Type object.
[TB] Starting UART TX+FIFO verification
INFO: [USF-XSim-96] XSim completed. Design snapshot 'tb_uart_tx_fifo_behav' loaded.
INFO: [USF-XSim-97] XSim simulation ran for 0ns
launch_simulation: Time (s): cpu = 00:00:00 ; elapsed = 00:00:11 . Memory (MB): peak = 1106.238 ; gain = 0.000
[INFO] Auto replay: restart + run all
INFO: [Simtcl 6-17] Simulation restarted
[TB] Starting UART TX+FIFO verification
[UART-TXF][DRV] reset released
[UART-TXF][DRV] pushed byte=82 scenario=fill_queue t=110000
[UART-TXF][MON] launch byte=82 t=136000
[UART-TXF][SCB] PASS idx=0 scenario=fill_queue data=82
[UART-TXF][DRV] pushed byte=51 scenario=fill_queue t=140000
[UART-TXF][MON] launch byte=51 t=166000
[UART-TXF][SCB] PASS idx=1 scenario=fill_queue data=51
[UART-TXF][DRV] pushed byte=42 scenario=fill_queue t=170000
[UART-TXF][DRV] pushed byte=62 scenario=fill_queue t=200000
[UART-TXF][DRV] pushed byte=20 scenario=fill_queue t=230000
[UART-TXF][DRV] pushed byte=8a scenario=fill_queue t=260000
[UART-TXF][DRV] pushed byte=1f scenario=balanced_enqueue t=290000
[UART-TXF][DRV] pushed byte=26 scenario=balanced_enqueue t=1041690000
[UART-TXF][MON] launch byte=42 t=1041696000
[UART-TXF][SCB] PASS idx=2 scenario=fill_queue data=42
[UART-TXF][DRV] pushed byte=b scenario=balanced_enqueue t=1041710000
[UART-TXF][MON] launch byte=62 t=1041726000
[UART-TXF][SCB] PASS idx=3 scenario=fill_queue data=62
[UART-TXF][DRV] pushed byte=25 scenario=balanced_enqueue t=2083290000
[UART-TXF][MON] launch byte=20 t=2083296000
[UART-TXF][SCB] PASS idx=4 scenario=fill_queue data=20
[UART-TXF][DRV] pushed byte=ed scenario=balanced_enqueue t=2083310000
[UART-TXF][MON] launch byte=8a t=2083326000
[UART-TXF][SCB] PASS idx=5 scenario=fill_queue data=8a
[UART-TXF][DRV] pushed byte=21 scenario=balanced_enqueue t=3124890000
[UART-TXF][MON] launch byte=1f t=3124896000
[UART-TXF][SCB] PASS idx=6 scenario=balanced_enqueue data=1f
[UART-TXF][DRV] pushed byte=ea scenario=burst_enqueue t=3124910000
[UART-TXF][MON] launch byte=26 t=3124926000
[UART-TXF][SCB] PASS idx=7 scenario=balanced_enqueue data=26
[UART-TXF][DRV] pushed byte=40 scenario=burst_enqueue t=3124930000
[UART-TXF][DRV] pushed byte=3a scenario=burst_enqueue t=3124950000
[UART-TXF][DRV] pushed byte=11 scenario=burst_enqueue t=3124970000
[UART-TXF][DRV] pushed byte=23 scenario=burst_enqueue t=3124990000
[UART-TXF][DRV] pushed byte=cb scenario=burst_enqueue t=3125010000
[UART-TXF][GEN] finished run_count=18
[UART-TXF][MON] launch byte=b t=4166496000
[UART-TXF][SCB] PASS idx=8 scenario=balanced_enqueue data=b
[UART-TXF][MON] launch byte=25 t=4166526000
[UART-TXF][SCB] PASS idx=9 scenario=balanced_enqueue data=25
[UART-TXF][MON] launch byte=ed t=5208096000
[UART-TXF][SCB] PASS idx=10 scenario=balanced_enqueue data=ed
[UART-TXF][MON] launch byte=21 t=5208126000
[UART-TXF][SCB] PASS idx=11 scenario=balanced_enqueue data=21
[UART-TXF][MON] launch byte=ea t=6249696000
[UART-TXF][SCB] PASS idx=12 scenario=burst_enqueue data=ea
[UART-TXF][MON] launch byte=40 t=6249726000
[UART-TXF][SCB] PASS idx=13 scenario=burst_enqueue data=40
[UART-TXF][MON] launch byte=3a t=7291296000
[UART-TXF][SCB] PASS idx=14 scenario=burst_enqueue data=3a
[UART-TXF][MON] launch byte=11 t=7291326000
[UART-TXF][SCB] PASS idx=15 scenario=burst_enqueue data=11
[UART-TXF][MON] launch byte=23 t=8332896000
[UART-TXF][SCB] PASS idx=16 scenario=burst_enqueue data=23
[UART-TXF][MON] launch byte=cb t=8332926000
[UART-TXF][SCB] PASS idx=17 scenario=burst_enqueue data=cb
[UART-TXF][SCB][SUMMARY] sample=18 pass=18 fail=0
[UART-TXF][SCB][COVERAGE] functional_coverage=100.00%
[UART-TXF][SCB][PASS] UART TX+FIFO scoreboard completed without mismatches
[UART-TXF][ENV] run finished
[TB] tb_uart_tx_fifo finished
$finish called at time : 8332946 ns : File "D:/02_learning_lab/fpga/portfoloio_uvm1/FPGA_Auto_Project/Project/Veri1/tb/uart_tx_fifo/tb_uart_tx_fifo.sv" Line 93
[INFO] Auto replay run all completed.
INFO: [Simtcl 6-16] Simulation closed
[SUCCESS] Auto replay completed for top: tb_uart_tx_fifo
INFO: [Common 17-206] Exiting Vivado at Sat Mar 21 02:28:55 2026...
