#-----------------------------------------------------------
# Vivado v2020.2 (64-bit)
# SW Build 3064766 on Wed Nov 18 09:12:45 MST 2020
# IP Build 3064653 on Wed Nov 18 14:17:31 MST 2020
# Start of session at: Sat Mar 21 02:24:44 2026
# Process ID: 29424
# Current directory: D:/02_learning_lab/fpga/portfoloio_uvm1
# Command line: vivado.exe -mode batch -source D:\02_learning_lab\fpga\portfoloio_uvm1\FPGA_Auto_Project\templates\contexts\simulation\adapters\tcl\sim_run_vivado_nogui.tcl -log D:\02_learning_lab\fpga\portfoloio_uvm1\FPGA_Auto_Project\Project\veri1\log\portfolio\uart_rx_vivado.log -journal D:\02_learning_lab\fpga\portfoloio_uvm1\FPGA_Auto_Project\Project\veri1\log\portfolio\uart_rx_vivado.jou -notrace -tclargs D:\02_learning_lab\fpga\portfoloio_uvm1\FPGA_Auto_Project\Project\veri1 tb_uart_rx D:\Xilinx\Vivado\2024.1 D:\02_learning_lab\fpga\portfoloio_uvm1\FPGA_Auto_Project\Project\Veri1\output\manifest\manifest_src_files.lst D:\02_learning_lab\fpga\portfoloio_uvm1\FPGA_Auto_Project\Project\Veri1\output\manifest\manifest_tb_files.lst D:\02_learning_lab\fpga\portfoloio_uvm1\FPGA_Auto_Project\Project\Veri1\output\manifest\manifest_inc_dirs.lst D:\02_learning_lab\fpga\portfoloio_uvm1\FPGA_Auto_Project\Project\veri1\tb\uart_rx\tb_uart_rx.sv -testplusarg TESTNAME all
# Log file: D:/02_learning_lab/fpga/portfoloio_uvm1/FPGA_Auto_Project/Project/veri1/log/portfolio/uart_rx_vivado.log
# Journal file: D:\02_learning_lab\fpga\portfoloio_uvm1\FPGA_Auto_Project\Project\veri1\log\portfolio\uart_rx_vivado.jou
#-----------------------------------------------------------
source {D:\02_learning_lab\fpga\portfoloio_uvm1\FPGA_Auto_Project\templates\contexts\simulation\adapters\tcl\sim_run_vivado_nogui.tcl} -notrace
[INFO] Loading build config: D:/02_learning_lab/fpga/portfoloio_uvm1/FPGA_Auto_Project/templates/contexts/vivado/domain/project_build_config.tcl
[INFO] Applying TB scope filter by selected file folder: D:/02_learning_lab/fpga/portfoloio_uvm1/FPGA_Auto_Project/Project/Veri1/tb/uart_rx
[INFO] Creating Vivado project: sim_nogui_tb_uart_rx
[INFO] Project directory: D:/Xilinx/Vivado/2024.1/project/sim_nogui_tb_uart_rx
create_project: Time (s): cpu = 00:00:02 ; elapsed = 00:00:06 . Memory (MB): peak = 1103.434 ; gain = 0.000
[INFO] Adding source files: 12
[INFO] Adding testbench files: 3
[INFO] Setting include dirs: 1
[INFO] Setting simulation top: tb_uart_rx
[INFO] Setting xsim.more_options: -testplusarg TESTNAME=all
[INFO] Initial launch runtime set to 0ns (auto replay mode)
[INFO] Launching simulation in batch mode...
Command: launch_simulation 
INFO: [Vivado 12-5682] Launching behavioral simulation in 'D:/Xilinx/Vivado/2024.1/project/sim_nogui_tb_uart_rx/sim_nogui_tb_uart_rx.sim/sim_1/behav/xsim'
INFO: [SIM-utils-51] Simulation object is 'sim_1'
INFO: [SIM-utils-54] Inspecting design source files for 'tb_uart_rx' in fileset 'sim_1'...
INFO: [USF-XSim-97] Finding global include files...
INFO: [USF-XSim-98] Fetching design files from 'sim_1'...
INFO: [USF-XSim-2] XSim::Compile design
INFO: [USF-XSim-61] Executing 'COMPILE and ANALYZE' step in 'D:/Xilinx/Vivado/2024.1/project/sim_nogui_tb_uart_rx/sim_nogui_tb_uart_rx.sim/sim_1/behav/xsim'
"xvlog --incr --relax -L uvm -prj tb_uart_rx_vlog.prj"
INFO: [VRFC 10-2263] Analyzing Verilog file "D:/02_learning_lab/fpga/portfoloio_uvm1/FPGA_Auto_Project/Project/Veri1/src/baud_rate_gen.v" into library xil_defaultlib
INFO: [VRFC 10-311] analyzing module baud_rate_gen
INFO: [VRFC 10-2263] Analyzing Verilog file "D:/02_learning_lab/fpga/portfoloio_uvm1/FPGA_Auto_Project/Project/Veri1/src/uart_rx.v" into library xil_defaultlib
INFO: [VRFC 10-311] analyzing module uart_rx
INFO: [VRFC 10-2263] Analyzing SystemVerilog file "D:/02_learning_lab/fpga/portfoloio_uvm1/FPGA_Auto_Project/Project/Veri1/tb/uart_rx/uart_rx_tb_pkg.sv" into library xil_defaultlib
INFO: [VRFC 10-2263] Analyzing SystemVerilog file "D:/02_learning_lab/fpga/portfoloio_uvm1/FPGA_Auto_Project/Project/Veri1/tb/uart_rx/uart_rx_if.sv" into library xil_defaultlib
INFO: [VRFC 10-2263] Analyzing SystemVerilog file "D:/02_learning_lab/fpga/portfoloio_uvm1/FPGA_Auto_Project/Project/Veri1/tb/uart_rx/tb_uart_rx.sv" into library xil_defaultlib
INFO: [VRFC 10-311] analyzing module tb_uart_rx
INFO: [VRFC 10-2263] Analyzing Verilog file "D:/Xilinx/Vivado/2024.1/project/sim_nogui_tb_uart_rx/sim_nogui_tb_uart_rx.sim/sim_1/behav/xsim/glbl.v" into library xil_defaultlib
INFO: [VRFC 10-311] analyzing module glbl
INFO: [USF-XSim-69] 'compile' step finished in '3' seconds
INFO: [USF-XSim-3] XSim::Elaborate design
INFO: [USF-XSim-61] Executing 'ELABORATE' step in 'D:/Xilinx/Vivado/2024.1/project/sim_nogui_tb_uart_rx/sim_nogui_tb_uart_rx.sim/sim_1/behav/xsim'
"xelab -wto 3a11a0e2715b41cf98dc6c4e63e96d6f --incr --debug typical --relax --mt 2 -L xil_defaultlib -L uvm -L unisims_ver -L unimacro_ver -L secureip --snapshot tb_uart_rx_behav xil_defaultlib.tb_uart_rx xil_defaultlib.glbl -log elaborate.log"
Vivado Simulator 2020.2
Copyright 1986-1999, 2001-2020 Xilinx, Inc. All Rights Reserved.
Running: C:/Xilinx/Vivado/2020.2/bin/unwrapped/win64.o/xelab.exe -wto 3a11a0e2715b41cf98dc6c4e63e96d6f --incr --debug typical --relax --mt 2 -L xil_defaultlib -L uvm -L unisims_ver -L unimacro_ver -L secureip --snapshot tb_uart_rx_behav xil_defaultlib.tb_uart_rx xil_defaultlib.glbl -log elaborate.log 
Using 2 slave threads.
Starting static elaboration
Pass Through NonSizing Optimizer
Completed static elaboration
Starting simulation data flow analysis
WARNING: [XSIM 43-4100] "D:/02_learning_lab/fpga/portfoloio_uvm1/FPGA_Auto_Project/Project/Veri1/tb/uart_rx/tb_uart_rx.sv" Line 19. Module tb_uart_rx has a timescale but at least one module in design doesn't have timescale.
WARNING: [XSIM 43-4100] "D:/02_learning_lab/fpga/portfoloio_uvm1/FPGA_Auto_Project/Project/Veri1/tb/uart_rx/uart_rx_if.sv" Line 15. Module uart_rx_if has a timescale but at least one module in design doesn't have timescale.
WARNING: [XSIM 43-4100] "D:/02_learning_lab/fpga/portfoloio_uvm1/FPGA_Auto_Project/Project/Veri1/src/uart_rx.v" Line 20. Module uart_rx has a timescale but at least one module in design doesn't have timescale.
WARNING: [XSIM 43-4100] "D:/02_learning_lab/fpga/portfoloio_uvm1/FPGA_Auto_Project/Project/Veri1/src/baud_rate_gen.v" Line 16. Module baud_rate_gen_default has a timescale but at least one module in design doesn't have timescale.
WARNING: [XSIM 43-4100] "D:/02_learning_lab/fpga/portfoloio_uvm1/FPGA_Auto_Project/Project/Veri1/tb/uart_rx/tb_uart_rx.sv" Line 19. Module tb_uart_rx has a timescale but at least one module in design doesn't have timescale.
WARNING: [XSIM 43-4100] "D:/02_learning_lab/fpga/portfoloio_uvm1/FPGA_Auto_Project/Project/Veri1/tb/uart_rx/uart_rx_if.sv" Line 15. Module uart_rx_if has a timescale but at least one module in design doesn't have timescale.
WARNING: [XSIM 43-4100] "D:/02_learning_lab/fpga/portfoloio_uvm1/FPGA_Auto_Project/Project/Veri1/src/uart_rx.v" Line 20. Module uart_rx has a timescale but at least one module in design doesn't have timescale.
WARNING: [XSIM 43-4100] "D:/02_learning_lab/fpga/portfoloio_uvm1/FPGA_Auto_Project/Project/Veri1/src/baud_rate_gen.v" Line 16. Module baud_rate_gen_default has a timescale but at least one module in design doesn't have timescale.
WARNING: [XSIM 43-4100] "D:/Xilinx/Vivado/2024.1/project/sim_nogui_tb_uart_rx/sim_nogui_tb_uart_rx.sim/sim_1/behav/xsim/glbl.v" Line 6. Module glbl has a timescale but at least one module in design doesn't have timescale.
WARNING: [XSIM 43-4100] "D:/Xilinx/Vivado/2024.1/project/sim_nogui_tb_uart_rx/sim_nogui_tb_uart_rx.sim/sim_1/behav/xsim/glbl.v" Line 6. Module glbl has a timescale but at least one module in design doesn't have timescale.
Completed simulation data flow analysis
Time Resolution for simulation is 1ps
Compiling package xil_defaultlib.uart_rx_tb_pkg
Compiling package std.std
Compiling module xil_defaultlib.uart_rx_if
Compiling module xil_defaultlib.uart_rx
Compiling module xil_defaultlib.baud_rate_gen_default
Compiling module xil_defaultlib.tb_uart_rx
Compiling module xil_defaultlib.glbl
Built simulation snapshot tb_uart_rx_behav

****** Webtalk v2020.2 (64-bit)
  **** SW Build 3064766 on Wed Nov 18 09:12:45 MST 2020
  **** IP Build 3064653 on Wed Nov 18 14:17:31 MST 2020
    ** Copyright 1986-2020 Xilinx, Inc. All Rights Reserved.

source D:/Xilinx/Vivado/2024.1/project/sim_nogui_tb_uart_rx/sim_nogui_tb_uart_rx.sim/sim_1/behav/xsim/xsim.dir/tb_uart_rx_behav/webtalk/xsim_webtalk.tcl -notrace
INFO: [Common 17-206] Exiting Webtalk at Sat Mar 21 02:25:08 2026...
run_program: Time (s): cpu = 00:00:00 ; elapsed = 00:00:06 . Memory (MB): peak = 1103.434 ; gain = 0.000
INFO: [USF-XSim-69] 'elaborate' step finished in '6' seconds
INFO: [USF-XSim-4] XSim::Simulate design
INFO: [USF-XSim-61] Executing 'SIMULATE' step in 'D:/Xilinx/Vivado/2024.1/project/sim_nogui_tb_uart_rx/sim_nogui_tb_uart_rx.sim/sim_1/behav/xsim'
INFO: [USF-XSim-98] *** Running xsim
   with args "tb_uart_rx_behav -key {Behavioral:sim_1:Functional:tb_uart_rx} -tclbatch {tb_uart_rx.tcl} -log {simulate.log} -testplusarg TESTNAME=all"
INFO: [USF-XSim-8] Loading simulator feature
Vivado Simulator 2020.2
Time resolution is 1 ps
source tb_uart_rx.tcl
WARNING: Simulation object /tb_uart_rx/env was not traceable in the design for the following reason:
Vivado Simulator does not support tracing of System Verilog Dynamic Type object.
[TB] Starting UART RX verification
INFO: [USF-XSim-96] XSim completed. Design snapshot 'tb_uart_rx_behav' loaded.
INFO: [USF-XSim-97] XSim simulation ran for 0ns
launch_simulation: Time (s): cpu = 00:00:01 ; elapsed = 00:00:10 . Memory (MB): peak = 1103.434 ; gain = 0.000
[INFO] Auto replay: restart + run all
INFO: [Simtcl 6-17] Simulation restarted
[TB] Starting UART RX verification
[UART-RX][DRV] reset released
[UART-RX][MON] got byte=55 t=989595000
[UART-RX][SCB] PASS idx=0 scenario=valid_frame data=55
[UART-RX][DRV] sent VALID byte=55 t=1041665000
[UART-RX][MON] got byte=a3 t=2031195000
[UART-RX][SCB] PASS idx=1 scenario=valid_frame data=a3
[UART-RX][DRV] sent VALID byte=a3 t=2083265000
[UART-RX][MON] got byte=0 t=3072795000
[UART-RX][SCB] PASS idx=2 scenario=valid_frame data=0
[UART-RX][DRV] sent VALID byte=0 t=3124865000
[UART-RX][MON] got byte=ff t=4114395000
[UART-RX][SCB] PASS idx=3 scenario=valid_frame data=ff
[UART-RX][DRV] sent VALID byte=ff t=4166465000
[UART-RX][MON] got byte=43 t=5155995000
[UART-RX][SCB] PASS idx=4 scenario=valid_frame data=43
[UART-RX][DRV] sent VALID byte=43 t=5208065000
[UART-RX][MON] got byte=e4 t=6197595000
[UART-RX][SCB] PASS idx=5 scenario=valid_frame data=e4
[UART-RX][DRV] sent VALID byte=e4 t=6249665000
[UART-RX][MON] got byte=b9 t=7239195000
[UART-RX][SCB] PASS idx=6 scenario=valid_frame data=b9
[UART-RX][DRV] sent VALID byte=b9 t=7291265000
[UART-RX][MON] got byte=37 t=8280795000
[UART-RX][SCB] PASS idx=7 scenario=valid_frame data=37
[UART-RX][DRV] sent VALID byte=37 t=8332865000
[UART-RX][MON] got byte=9d t=9322395000
[UART-RX][SCB] PASS idx=8 scenario=valid_frame data=9d
[UART-RX][DRV] sent VALID byte=9d t=9374465000
[UART-RX][MON] got byte=eb t=10363995000
[UART-RX][SCB] PASS idx=9 scenario=valid_frame data=eb
[UART-RX][DRV] sent VALID byte=eb t=10416065000
[UART-RX][MON] got byte=95 t=11405595000
[UART-RX][SCB] PASS idx=10 scenario=valid_frame data=95
[UART-RX][DRV] sent VALID byte=95 t=11457665000
[UART-RX][MON] got byte=fb t=12447195000
[UART-RX][SCB] PASS idx=11 scenario=valid_frame data=fb
[UART-RX][DRV] sent VALID byte=fb t=12499265000
[UART-RX][MON] got byte=53 t=13488795000
[UART-RX][SCB] PASS idx=12 scenario=valid_frame data=53
[UART-RX][DRV] sent VALID byte=53 t=13540865000
[UART-RX][MON] got byte=b5 t=14530395000
[UART-RX][SCB] PASS idx=13 scenario=valid_frame data=b5
[UART-RX][DRV] sent VALID byte=b5 t=14582465000
[UART-RX][MON] got byte=c3 t=15571995000
[UART-RX][SCB] PASS idx=14 scenario=valid_frame data=c3
[UART-RX][DRV] sent VALID byte=c3 t=15624065000
[UART-RX][SCB] PASS idx=15 invalid frame produced no valid pulse
[UART-RX][SCB][SUMMARY] sample=16 pass=16 fail=0 valid=15 invalid=1
[UART-RX][SCB][COVERAGE] functional_coverage=100.00%
[UART-RX][COV] samples=15 zero=1 ones=1 ascii=4 other=9 valid=15 invalid=1
[UART-RX][SCB][PASS] UART RX scoreboard completed without mismatches
[UART-RX][ENV] run finished
[TB] tb_uart_rx finished
$finish called at time : 16874005 ns : File "D:/02_learning_lab/fpga/portfoloio_uvm1/FPGA_Auto_Project/Project/Veri1/tb/uart_rx/tb_uart_rx.sv" Line 80
[INFO] Auto replay run all completed.
INFO: [Simtcl 6-16] Simulation closed
[SUCCESS] Auto replay completed for top: tb_uart_rx
INFO: [Common 17-206] Exiting Vivado at Sat Mar 21 02:25:18 2026...
