#-----------------------------------------------------------
# Vivado v2025.2 (64-bit)
# SW Build 6299465 on Fri Nov 14 19:35:11 GMT 2025
# IP Build 6300035 on Fri Nov 14 10:48:45 MST 2025
# SharedData Build 6298862 on Thu Nov 13 04:50:51 MST 2025
# Start of session at: Tue Mar 31 03:26:53 2026
# Process ID         : 25352
# Current directory  : D:/risc_team/FPGA_Auto_Project/Project/Test/vivado_project
# Command line       : vivado.exe -mode gui -source D:\risc_team\FPGA_Auto_Project\templates\contexts\simulation\adapters\tcl\sim_run_vivado.tcl -log D:\risc_team\FPGA_Auto_Project\Project\Test\tb\vivado_sim_tb_Top_module_peri_repeat_log.log -journal D:\risc_team\FPGA_Auto_Project\Project\Test\tb\vivado_sim_tb_Top_module_peri_repeat_log.jou -notrace -tclargs D:\risc_team\FPGA_Auto_Project\Project\Test tb_Top_module_peri_repeat_log D:\risc_team\FPGA_Auto_Project\Project\Test\vivado_project D:\risc_team\FPGA_Auto_Project\Project\Test\output\manifest\manifest_src_files.lst D:\risc_team\FPGA_Auto_Project\Project\Test\output\manifest\manifest_tb_files.lst D:\risc_team\FPGA_Auto_Project\Project\Test\output\manifest\manifest_inc_dirs.lst D:\risc_team\FPGA_Auto_Project\Project\Test\tb\tb_Top_module_peri_repeat_log.sv -testplusarg TESTNAME=all
# Log file           : D:/risc_team/FPGA_Auto_Project/Project/Test/tb/vivado_sim_tb_Top_module_peri_repeat_log.log
# Journal file       : D:\risc_team\FPGA_Auto_Project\Project\Test\tb\vivado_sim_tb_Top_module_peri_repeat_log.jou
# Running On         : DESKTOP-7CFQ9ND
# Platform           : Windows Server 2016 or Windows 10
# Operating System   : 26200
# Processor Detail   : 12th Gen Intel(R) Core(TM) i7-1260P
# CPU Frequency      : 2496 MHz
# CPU Physical cores : 12
# CPU Logical cores  : 16
# Host memory        : 16847 MB
# Swap memory        : 17179 MB
# Total Virtual      : 34027 MB
# Available Virtual  : 9117 MB
#-----------------------------------------------------------
start_gui
source {D:\risc_team\FPGA_Auto_Project\templates\contexts\simulation\adapters\tcl\sim_run_vivado.tcl} -notrace
[INFO] Loading build config: D:/risc_team/FPGA_Auto_Project/templates/contexts/vivado/domain/project_build_config.tcl
[INFO] Applying TB scope filter by selected file folder: D:/risc_team/FPGA_Auto_Project/Project/Test/tb
[INFO] Creating Vivado project: sim_tb_Top_module_peri_repeat_log
[INFO] Project directory: D:/risc_team/FPGA_Auto_Project/Project/Test/vivado_project/project/sim_tb_Top_module_peri_repeat_log
INFO: [ProjectBase 1-489] The host OS only allows 260 characters in a normal path. The project is stored in a path with more than 80 characters. If you experience issues with IP, Block Designs, or files not being found, please consider moving the project to a location with a shorter path. Alternately consider using the OS subst command to map part of the path to a drive letter.
Current project path is 'D:/risc_team/FPGA_Auto_Project/Project/Test/vivado_project/project/sim_tb_Top_module_peri_repeat_log'
WARNING: [Board 49-26] cannot add Board Part xilinx.com:emb-plus-vpr-4616:part0:1.0 available at C:/AMDDesignTools/2025.2/data/xhub/boards\XilinxBoardStore\boards\Xilinx\emb-plus-vpr-4616\1.0\board.xml as part xcve2302-sfva784-2mp-e-s specified in board_part file is either invalid or not available
WARNING: [Board 49-26] cannot add Board Part xilinx.com:emb-plus-vpr-4616:part0:1.1 available at C:/AMDDesignTools/2025.2/data/xhub/boards\XilinxBoardStore\boards\Xilinx\emb-plus-vpr-4616\1.1\board.xml as part xcve2302-sfva784-2mp-e-s specified in board_part file is either invalid or not available
WARNING: [Board 49-26] cannot add Board Part xilinx.com:k24c:part0:1.0 available at C:/AMDDesignTools/2025.2/data/xhub/boards\XilinxBoardStore\boards\Xilinx\k24c\1.0\board.xml as part xck24-ubva530-2lv-c specified in board_part file is either invalid or not available
WARNING: [Board 49-26] cannot add Board Part xilinx.com:k24c:part0:1.1 available at C:/AMDDesignTools/2025.2/data/xhub/boards\XilinxBoardStore\boards\Xilinx\k24c\1.1\board.xml as part xck24-ubva530-2lv-c specified in board_part file is either invalid or not available
WARNING: [Board 49-26] cannot add Board Part xilinx.com:k24i:part0:1.0 available at C:/AMDDesignTools/2025.2/data/xhub/boards\XilinxBoardStore\boards\Xilinx\k24i\1.0\board.xml as part xck24-ubva530-2lvi-i specified in board_part file is either invalid or not available
WARNING: [Board 49-26] cannot add Board Part xilinx.com:k26c:part0:1.2 available at C:/AMDDesignTools/2025.2/data/xhub/boards\XilinxBoardStore\boards\Xilinx\k26c\1.2\board.xml as part xck26-sfvc784-2lv-c specified in board_part file is either invalid or not available
WARNING: [Board 49-26] cannot add Board Part xilinx.com:k26c:part0:1.3 available at C:/AMDDesignTools/2025.2/data/xhub/boards\XilinxBoardStore\boards\Xilinx\k26c\1.3\board.xml as part xck26-sfvc784-2lv-c specified in board_part file is either invalid or not available
WARNING: [Board 49-26] cannot add Board Part xilinx.com:k26c:part0:1.4 available at C:/AMDDesignTools/2025.2/data/xhub/boards\XilinxBoardStore\boards\Xilinx\k26c\1.4\board.xml as part xck26-sfvc784-2lv-c specified in board_part file is either invalid or not available
WARNING: [Board 49-26] cannot add Board Part xilinx.com:k26i:part0:1.2 available at C:/AMDDesignTools/2025.2/data/xhub/boards\XilinxBoardStore\boards\Xilinx\k26i\1.2\board.xml as part xck26-sfvc784-2lvi-i specified in board_part file is either invalid or not available
WARNING: [Board 49-26] cannot add Board Part xilinx.com:k26i:part0:1.3 available at C:/AMDDesignTools/2025.2/data/xhub/boards\XilinxBoardStore\boards\Xilinx\k26i\1.3\board.xml as part xck26-sfvc784-2lvi-i specified in board_part file is either invalid or not available
WARNING: [Board 49-26] cannot add Board Part xilinx.com:k26i:part0:1.4 available at C:/AMDDesignTools/2025.2/data/xhub/boards\XilinxBoardStore\boards\Xilinx\k26i\1.4\board.xml as part xck26-sfvc784-2lvi-i specified in board_part file is either invalid or not available
WARNING: [Board 49-26] cannot add Board Part xilinx.com:kc705:part0:1.6 available at C:/AMDDesignTools/2025.2/data/xhub/boards\XilinxBoardStore\boards\Xilinx\kc705\1.6\board.xml as part xc7k325tffg900-2 specified in board_part file is either invalid or not available
WARNING: [Board 49-26] cannot add Board Part xilinx.com:kc705:part0:1.7 available at C:/AMDDesignTools/2025.2/data/xhub/boards\XilinxBoardStore\boards\Xilinx\kc705\1.7\board.xml as part xc7k325tffg900-2 specified in board_part file is either invalid or not available
WARNING: [Board 49-26] cannot add Board Part xilinx.com:kcu105:part0:1.6 available at C:/AMDDesignTools/2025.2/data/xhub/boards\XilinxBoardStore\boards\Xilinx\kcu105\1.6\board.xml as part xcku040-ffva1156-2-e specified in board_part file is either invalid or not available
WARNING: [Board 49-26] cannot add Board Part xilinx.com:kcu105:part0:1.7 available at C:/AMDDesignTools/2025.2/data/xhub/boards\XilinxBoardStore\boards\Xilinx\kcu105\1.7\board.xml as part xcku040-ffva1156-2-e specified in board_part file is either invalid or not available
WARNING: [Board 49-26] cannot add Board Part xilinx.com:kcu116:part0:1.4 available at C:/AMDDesignTools/2025.2/data/xhub/boards\XilinxBoardStore\boards\Xilinx\kcu116\1.4\board.xml as part xcku5p-ffvb676-2-e specified in board_part file is either invalid or not available
WARNING: [Board 49-26] cannot add Board Part xilinx.com:kcu116:part0:1.5 available at C:/AMDDesignTools/2025.2/data/xhub/boards\XilinxBoardStore\boards\Xilinx\kcu116\1.5\board.xml as part xcku5p-ffvb676-2-e specified in board_part file is either invalid or not available
WARNING: [Board 49-26] cannot add Board Part xilinx.com:kcu1500:part0:1.2 available at C:/AMDDesignTools/2025.2/data/xhub/boards\XilinxBoardStore\boards\Xilinx\kcu1500\1.2\board.xml as part xcku115-flvb2104-2-e specified in board_part file is either invalid or not available
WARNING: [Board 49-26] cannot add Board Part xilinx.com:kd240_som:part0:1.0 available at C:/AMDDesignTools/2025.2/data/xhub/boards\XilinxBoardStore\boards\Xilinx\kd240_som\1.0\board.xml as part xck24-ubva530-2lv-c specified in board_part file is either invalid or not available
WARNING: [Board 49-26] cannot add Board Part xilinx.com:kd240_som:part0:1.1 available at C:/AMDDesignTools/2025.2/data/xhub/boards\XilinxBoardStore\boards\Xilinx\kd240_som\1.1\board.xml as part xck24-ubva530-2lv-c specified in board_part file is either invalid or not available
WARNING: [Board 49-26] cannot add Board Part xilinx.com:kr260_som:part0:1.0 available at C:/AMDDesignTools/2025.2/data/xhub/boards\XilinxBoardStore\boards\Xilinx\kr260_som\1.0\board.xml as part xck26-sfvc784-2lv-c specified in board_part file is either invalid or not available
WARNING: [Board 49-26] cannot add Board Part xilinx.com:kr260_som:part0:1.1 available at C:/AMDDesignTools/2025.2/data/xhub/boards\XilinxBoardStore\boards\Xilinx\kr260_som\1.1\board.xml as part xck26-sfvc784-2lv-c specified in board_part file is either invalid or not available
WARNING: [Board 49-26] cannot add Board Part xilinx.com:kv260_som:part0:1.2 available at C:/AMDDesignTools/2025.2/data/xhub/boards\XilinxBoardStore\boards\Xilinx\kv260_som\1.2\board.xml as part xck26-sfvc784-2lv-c specified in board_part file is either invalid or not available
WARNING: [Board 49-26] cannot add Board Part xilinx.com:kv260_som:part0:1.3 available at C:/AMDDesignTools/2025.2/data/xhub/boards\XilinxBoardStore\boards\Xilinx\kv260_som\1.3\board.xml as part xck26-sfvc784-2lv-c specified in board_part file is either invalid or not available
WARNING: [Board 49-26] cannot add Board Part xilinx.com:kv260_som:part0:1.4 available at C:/AMDDesignTools/2025.2/data/xhub/boards\XilinxBoardStore\boards\Xilinx\kv260_som\1.4\board.xml as part xck26-sfvc784-2lv-c specified in board_part file is either invalid or not available
WARNING: [Board 49-26] cannot add Board Part xilinx.com:scu35:part0:1.0 available at C:/AMDDesignTools/2025.2/data/xhub/boards\XilinxBoardStore\boards\Xilinx\scu35\1.0\board.xml as part xcsu35p-sbvb625-2-e specified in board_part file is either invalid or not available
WARNING: [Board 49-26] cannot add Board Part xilinx.com:v80:part0:1.0 available at C:/AMDDesignTools/2025.2/data/xhub/boards\XilinxBoardStore\boards\Xilinx\v80\1.0\board.xml as part xcv80-lsva4737-2mhp-e-s specified in board_part file is either invalid or not available
WARNING: [Board 49-26] cannot add Board Part xilinx.com:vc707:part0:1.4 available at C:/AMDDesignTools/2025.2/data/xhub/boards\XilinxBoardStore\boards\Xilinx\vc707\1.4\board.xml as part xc7vx485tffg1761-2 specified in board_part file is either invalid or not available
WARNING: [Board 49-26] cannot add Board Part xilinx.com:vc707:part0:1.5 available at C:/AMDDesignTools/2025.2/data/xhub/boards\XilinxBoardStore\boards\Xilinx\vc707\1.5\board.xml as part xc7vx485tffg1761-2 specified in board_part file is either invalid or not available
WARNING: [Board 49-26] cannot add Board Part xilinx.com:vc709:part0:1.8 available at C:/AMDDesignTools/2025.2/data/xhub/boards\XilinxBoardStore\boards\Xilinx\vc709\1.8\board.xml as part xc7vx690tffg1761-2 specified in board_part file is either invalid or not available
WARNING: [Board 49-26] cannot add Board Part xilinx.com:vck190:part0:2.2 available at C:/AMDDesignTools/2025.2/data/xhub/boards\XilinxBoardStore\boards\Xilinx\vck190\production\2.2\board.xml as part xcvc1902-vsva2197-2mp-e-s specified in board_part file is either invalid or not available
WARNING: [Board 49-26] cannot add Board Part xilinx.com:vck190:part0:3.0 available at C:/AMDDesignTools/2025.2/data/xhub/boards\XilinxBoardStore\boards\Xilinx\vck190\production\3.0\board.xml as part xcvc1902-vsva2197-2mp-e-s specified in board_part file is either invalid or not available
WARNING: [Board 49-26] cannot add Board Part xilinx.com:vck190:part0:3.1 available at C:/AMDDesignTools/2025.2/data/xhub/boards\XilinxBoardStore\boards\Xilinx\vck190\production\3.1\board.xml as part xcvc1902-vsva2197-2mp-e-s specified in board_part file is either invalid or not available
WARNING: [Board 49-26] cannot add Board Part xilinx.com:vck190:part0:3.2 available at C:/AMDDesignTools/2025.2/data/xhub/boards\XilinxBoardStore\boards\Xilinx\vck190\production\3.2\board.xml as part xcvc1902-vsva2197-2mp-e-s specified in board_part file is either invalid or not available
WARNING: [Board 49-26] cannot add Board Part xilinx.com:vck190:part0:3.3 available at C:/AMDDesignTools/2025.2/data/xhub/boards\XilinxBoardStore\boards\Xilinx\vck190\production\3.3\board.xml as part xcvc1902-vsva2197-2mp-e-s specified in board_part file is either invalid or not available
WARNING: [Board 49-26] cannot add Board Part xilinx.com:vck190:part0:3.4 available at C:/AMDDesignTools/2025.2/data/xhub/boards\XilinxBoardStore\boards\Xilinx\vck190\production\3.4\board.xml as part xcvc1902-vsva2197-2mp-e-s specified in board_part file is either invalid or not available
WARNING: [Board 49-26] cannot add Board Part xilinx.com:vck190_newl:part0:1.0 available at C:/AMDDesignTools/2025.2/data/xhub/boards\XilinxBoardStore\boards\Xilinx\vck190_newl\production\1.0\board.xml as part xcvc1902-vsva2197-2mp-e-s specified in board_part file is either invalid or not available
WARNING: [Board 49-26] cannot add Board Part xilinx.com:vck190_newl:part0:1.1 available at C:/AMDDesignTools/2025.2/data/xhub/boards\XilinxBoardStore\boards\Xilinx\vck190_newl\production\1.1\board.xml as part xcvc1902-vsva2197-2mp-e-s specified in board_part file is either invalid or not available
WARNING: [Board 49-26] cannot add Board Part xilinx.com:vck190_newl:part0:1.2 available at C:/AMDDesignTools/2025.2/data/xhub/boards\XilinxBoardStore\boards\Xilinx\vck190_newl\production\1.2\board.xml as part xcvc1902-vsva2197-2mp-e-s specified in board_part file is either invalid or not available
WARNING: [Board 49-26] cannot add Board Part xilinx.com:vck190_newl:part0:1.3 available at C:/AMDDesignTools/2025.2/data/xhub/boards\XilinxBoardStore\boards\Xilinx\vck190_newl\production\1.3\board.xml as part xcvc1902-vsva2197-2mp-e-s specified in board_part file is either invalid or not available
WARNING: [Board 49-26] cannot add Board Part xilinx.com:vcu108:part0:1.6 available at C:/AMDDesignTools/2025.2/data/xhub/boards\XilinxBoardStore\boards\Xilinx\vcu108\1.6\board.xml as part xcvu095-ffva2104-2-e specified in board_part file is either invalid or not available
WARNING: [Board 49-26] cannot add Board Part xilinx.com:vcu108:part0:1.7 available at C:/AMDDesignTools/2025.2/data/xhub/boards\XilinxBoardStore\boards\Xilinx\vcu108\1.7\board.xml as part xcvu095-ffva2104-2-e specified in board_part file is either invalid or not available
WARNING: [Board 49-26] cannot add Board Part xilinx.com:vcu110:part0:1.4 available at C:/AMDDesignTools/2025.2/data/xhub/boards\XilinxBoardStore\boards\Xilinx\vcu110\1.4\board.xml as part xcvu190-flgc2104-2-e specified in board_part file is either invalid or not available
WARNING: [Board 49-26] cannot add Board Part xilinx.com:vcu118:part0:2.0 available at C:/AMDDesignTools/2025.2/data/xhub/boards\XilinxBoardStore\boards\Xilinx\vcu118\2.0\board.xml as part xcvu9p-flga2104-2l-e specified in board_part file is either invalid or not available
WARNING: [Board 49-26] cannot add Board Part xilinx.com:vcu118:part0:2.3 available at C:/AMDDesignTools/2025.2/data/xhub/boards\XilinxBoardStore\boards\Xilinx\vcu118\2.3\board.xml as part xcvu9p-flga2104-2l-e specified in board_part file is either invalid or not available
WARNING: [Board 49-26] cannot add Board Part xilinx.com:vcu118:part0:2.4 available at C:/AMDDesignTools/2025.2/data/xhub/boards\XilinxBoardStore\boards\Xilinx\vcu118\2.4\board.xml as part xcvu9p-flga2104-2l-e specified in board_part file is either invalid or not available
WARNING: [Board 49-26] cannot add Board Part xilinx.com:vcu128:part0:1.0 available at C:/AMDDesignTools/2025.2/data/xhub/boards\XilinxBoardStore\boards\Xilinx\vcu128\production\1.0\board.xml as part xcvu37p-fsvh2892-2l-e specified in board_part file is either invalid or not available
WARNING: [Board 49-26] cannot add Board Part xilinx.com:vcu129:part0:1.0 available at C:/AMDDesignTools/2025.2/data/xhub/boards\XilinxBoardStore\boards\Xilinx\vcu129\production\1.0\board.xml as part xcvu29p-fsga2577-2l-e specified in board_part file is either invalid or not available
WARNING: [Board 49-26] cannot add Board Part xilinx.com:vcu1525:part0:1.3 available at C:/AMDDesignTools/2025.2/data/xhub/boards\XilinxBoardStore\boards\Xilinx\vcu1525\1.3\board.xml as part xcvu9p-fsgd2104-2l-e specified in board_part file is either invalid or not available
WARNING: [Board 49-26] cannot add Board Part xilinx.com:vek280:part0:1.0 available at C:/AMDDesignTools/2025.2/data/xhub/boards\XilinxBoardStore\boards\Xilinx\vek280\production\1.0\board.xml as part xcve2802-vsvh1760-2mp-e-s specified in board_part file is either invalid or not available
WARNING: [Board 49-26] cannot add Board Part xilinx.com:vek280:part0:1.1 available at C:/AMDDesignTools/2025.2/data/xhub/boards\XilinxBoardStore\boards\Xilinx\vek280\production\1.1\board.xml as part xcve2802-vsvh1760-2mp-e-s specified in board_part file is either invalid or not available
WARNING: [Board 49-26] cannot add Board Part xilinx.com:vek280:part0:1.2 available at C:/AMDDesignTools/2025.2/data/xhub/boards\XilinxBoardStore\boards\Xilinx\vek280\production\1.2\board.xml as part xcve2802-vsvh1760-2mp-e-s specified in board_part file is either invalid or not available
WARNING: [Board 49-26] cannot add Board Part xilinx.com:vek385:part0:1.0 available at C:/AMDDesignTools/2025.2/data/xhub/boards\XilinxBoardStore\boards\Xilinx\vek385\1.0\board.xml as part xc2ve3858-ssva2112-2mp-e-s specified in board_part file is either invalid or not available
WARNING: [Board 49-26] cannot add Board Part xilinx.com:vek385:part0:1.1 available at C:/AMDDesignTools/2025.2/data/xhub/boards\XilinxBoardStore\boards\Xilinx\vek385\1.1\board.xml as part xc2ve3858-ssva2112-2mp-e-s specified in board_part file is either invalid or not available
WARNING: [Board 49-26] cannot add Board Part xilinx.com:vek385_1:part0:1.0 available at C:/AMDDesignTools/2025.2/data/xhub/boards\XilinxBoardStore\boards\Xilinx\vek385_2\1.0\board.xml as part xc2ve3858-ssva2112-2mp-e-s specified in board_part file is either invalid or not available
WARNING: [Board 49-26] cannot add Board Part xilinx.com:vermeo_t1_mpsoc:part0:1.0 available at C:/AMDDesignTools/2025.2/data/xhub/boards\XilinxBoardStore\boards\Xilinx\vermeo_t1_mpsoc\1.0\board.xml as part xczu19eg-ffvd1760-2l-e specified in board_part file is either invalid or not available
WARNING: [Board 49-26] cannot add Board Part xilinx.com:vermeo_t1_rfsoc:part0:1.0 available at C:/AMDDesignTools/2025.2/data/xhub/boards\XilinxBoardStore\boards\Xilinx\vermeo_t1_rfsoc\1.0\board.xml as part xczu21dr-ffvd1156-2l-e specified in board_part file is either invalid or not available
WARNING: [Board 49-26] cannot add Board Part xilinx.com:vhk158:part0:1.0 available at C:/AMDDesignTools/2025.2/data/xhub/boards\XilinxBoardStore\boards\Xilinx\vhk158\production\1.0\board.xml as part xcvh1582-vsva3697-2mp-e-s specified in board_part file is either invalid or not available
WARNING: [Board 49-26] cannot add Board Part xilinx.com:vhk158:part0:1.1 available at C:/AMDDesignTools/2025.2/data/xhub/boards\XilinxBoardStore\boards\Xilinx\vhk158\production\1.1\board.xml as part xcvh1582-vsva3697-2mp-e-s specified in board_part file is either invalid or not available
WARNING: [Board 49-26] cannot add Board Part xilinx.com:vhk158:part0:1.2 available at C:/AMDDesignTools/2025.2/data/xhub/boards\XilinxBoardStore\boards\Xilinx\vhk158\production\1.2\board.xml as part xcvh1582-vsva3697-2mp-e-s specified in board_part file is either invalid or not available
WARNING: [Board 49-26] cannot add Board Part xilinx.com:vmk180:part0:2.2 available at C:/AMDDesignTools/2025.2/data/xhub/boards\XilinxBoardStore\boards\Xilinx\vmk180\production\2.2\board.xml as part xcvm1802-vsva2197-2mp-e-s specified in board_part file is either invalid or not available
WARNING: [Board 49-26] cannot add Board Part xilinx.com:vmk180:part0:3.0 available at C:/AMDDesignTools/2025.2/data/xhub/boards\XilinxBoardStore\boards\Xilinx\vmk180\production\3.0\board.xml as part xcvm1802-vsva2197-2mp-e-s specified in board_part file is either invalid or not available
WARNING: [Board 49-26] cannot add Board Part xilinx.com:vmk180:part0:3.1 available at C:/AMDDesignTools/2025.2/data/xhub/boards\XilinxBoardStore\boards\Xilinx\vmk180\production\3.1\board.xml as part xcvm1802-vsva2197-2mp-e-s specified in board_part file is either invalid or not available
WARNING: [Board 49-26] cannot add Board Part xilinx.com:vmk180:part0:3.2 available at C:/AMDDesignTools/2025.2/data/xhub/boards\XilinxBoardStore\boards\Xilinx\vmk180\production\3.2\board.xml as part xcvm1802-vsva2197-2mp-e-s specified in board_part file is either invalid or not available
WARNING: [Board 49-26] cannot add Board Part xilinx.com:vmk180:part0:3.3 available at C:/AMDDesignTools/2025.2/data/xhub/boards\XilinxBoardStore\boards\Xilinx\vmk180\production\3.3\board.xml as part xcvm1802-vsva2197-2mp-e-s specified in board_part file is either invalid or not available
WARNING: [Board 49-26] cannot add Board Part xilinx.com:vmk180_newl:part0:1.0 available at C:/AMDDesignTools/2025.2/data/xhub/boards\XilinxBoardStore\boards\Xilinx\vmk180_newl\production\1.0\board.xml as part xcvm1802-vsva2197-2mp-e-s specified in board_part file is either invalid or not available
WARNING: [Board 49-26] cannot add Board Part xilinx.com:vmk180_newl:part0:1.1 available at C:/AMDDesignTools/2025.2/data/xhub/boards\XilinxBoardStore\boards\Xilinx\vmk180_newl\production\1.1\board.xml as part xcvm1802-vsva2197-2mp-e-s specified in board_part file is either invalid or not available
WARNING: [Board 49-26] cannot add Board Part xilinx.com:vpk120:part0:1.0 available at C:/AMDDesignTools/2025.2/data/xhub/boards\XilinxBoardStore\boards\Xilinx\vpk120\production\1.0\board.xml as part xcvp1202-vsva2785-2mp-e-s specified in board_part file is either invalid or not available
WARNING: [Board 49-26] cannot add Board Part xilinx.com:vpk120:part0:1.1 available at C:/AMDDesignTools/2025.2/data/xhub/boards\XilinxBoardStore\boards\Xilinx\vpk120\production\1.1\board.xml as part xcvp1202-vsva2785-2mp-e-s specified in board_part file is either invalid or not available
WARNING: [Board 49-26] cannot add Board Part xilinx.com:vpk120:part0:1.2 available at C:/AMDDesignTools/2025.2/data/xhub/boards\XilinxBoardStore\boards\Xilinx\vpk120\production\1.2\board.xml as part xcvp1202-vsva2785-2mp-e-s specified in board_part file is either invalid or not available
WARNING: [Board 49-26] cannot add Board Part xilinx.com:vpk180:part0:1.0 available at C:/AMDDesignTools/2025.2/data/xhub/boards\XilinxBoardStore\boards\Xilinx\vpk180\production\1.0\board.xml as part xcvp1802-lsvc4072-2mp-e-s specified in board_part file is either invalid or not available
WARNING: [Board 49-26] cannot add Board Part xilinx.com:vpk180:part0:1.1 available at C:/AMDDesignTools/2025.2/data/xhub/boards\XilinxBoardStore\boards\Xilinx\vpk180\production\1.1\board.xml as part xcvp1802-lsvc4072-2mp-e-s specified in board_part file is either invalid or not available
WARNING: [Board 49-26] cannot add Board Part xilinx.com:vpk180:part0:1.2 available at C:/AMDDesignTools/2025.2/data/xhub/boards\XilinxBoardStore\boards\Xilinx\vpk180\production\1.2\board.xml as part xcvp1802-lsvc4072-2mp-e-s specified in board_part file is either invalid or not available
WARNING: [Board 49-26] cannot add Board Part xilinx.com:vrk160:part0:1.0 available at C:/AMDDesignTools/2025.2/data/xhub/boards\XilinxBoardStore\boards\Xilinx\vrk160\1.0\board.xml as part xcvr1602-vsva2488-2mp-e-s-es1 specified in board_part file is either invalid or not available
WARNING: [Board 49-26] cannot add Board Part xilinx.com:vrk160:part0:1.1 available at C:/AMDDesignTools/2025.2/data/xhub/boards\XilinxBoardStore\boards\Xilinx\vrk160\1.1\board.xml as part xcvr1602-vsva2488-2mp-e-s-es1 specified in board_part file is either invalid or not available
WARNING: [Board 49-26] cannot add Board Part xilinx.com:zc706:part0:1.4 available at C:/AMDDesignTools/2025.2/data/xhub/boards\XilinxBoardStore\boards\Xilinx\zc706\1.4\board.xml as part xc7z045ffg900-2 specified in board_part file is either invalid or not available
WARNING: [Board 49-26] cannot add Board Part xilinx.com:zc706:part0:1.5 available at C:/AMDDesignTools/2025.2/data/xhub/boards\XilinxBoardStore\boards\Xilinx\zc706\1.5\board.xml as part xc7z045ffg900-2 specified in board_part file is either invalid or not available
WARNING: [Board 49-26] cannot add Board Part xilinx.com:zcu102:part0:3.3 available at C:/AMDDesignTools/2025.2/data/xhub/boards\XilinxBoardStore\boards\Xilinx\zcu102\3.3\board.xml as part xczu9eg-ffvb1156-2-e specified in board_part file is either invalid or not available
WARNING: [Board 49-26] cannot add Board Part xilinx.com:zcu102:part0:3.4 available at C:/AMDDesignTools/2025.2/data/xhub/boards\XilinxBoardStore\boards\Xilinx\zcu102\3.4\board.xml as part xczu9eg-ffvb1156-2-e specified in board_part file is either invalid or not available
WARNING: [Board 49-26] cannot add Board Part xilinx.com:zcu104:part0:1.1 available at C:/AMDDesignTools/2025.2/data/xhub/boards\XilinxBoardStore\boards\Xilinx\zcu104\1.1\board.xml as part xczu7ev-ffvc1156-2-e specified in board_part file is either invalid or not available
WARNING: [Board 49-26] cannot add Board Part xilinx.com:zcu106:part0:2.4 available at C:/AMDDesignTools/2025.2/data/xhub/boards\XilinxBoardStore\boards\Xilinx\zcu106\2.4\board.xml as part xczu7ev-ffvc1156-2-e specified in board_part file is either invalid or not available
WARNING: [Board 49-26] cannot add Board Part xilinx.com:zcu106:part0:2.5 available at C:/AMDDesignTools/2025.2/data/xhub/boards\XilinxBoardStore\boards\Xilinx\zcu106\2.5\board.xml as part xczu7ev-ffvc1156-2-e specified in board_part file is either invalid or not available
WARNING: [Board 49-26] cannot add Board Part xilinx.com:zcu106:part0:2.6 available at C:/AMDDesignTools/2025.2/data/xhub/boards\XilinxBoardStore\boards\Xilinx\zcu106\2.6\board.xml as part xczu7ev-ffvc1156-2-e specified in board_part file is either invalid or not available
WARNING: [Board 49-26] cannot add Board Part xilinx.com:zcu111:part0:1.2 available at C:/AMDDesignTools/2025.2/data/xhub/boards\XilinxBoardStore\boards\Xilinx\zcu111\1.2\board.xml as part xczu28dr-ffvg1517-2-e specified in board_part file is either invalid or not available
WARNING: [Board 49-26] cannot add Board Part xilinx.com:zcu111:part0:1.3 available at C:/AMDDesignTools/2025.2/data/xhub/boards\XilinxBoardStore\boards\Xilinx\zcu111\1.3\board.xml as part xczu28dr-ffvg1517-2-e specified in board_part file is either invalid or not available
WARNING: [Board 49-26] cannot add Board Part xilinx.com:zcu111:part0:1.4 available at C:/AMDDesignTools/2025.2/data/xhub/boards\XilinxBoardStore\boards\Xilinx\zcu111\1.4\board.xml as part xczu28dr-ffvg1517-2-e specified in board_part file is either invalid or not available
WARNING: [Board 49-26] cannot add Board Part xilinx.com:zcu1275:part0:1.0 available at C:/AMDDesignTools/2025.2/data/xhub/boards\XilinxBoardStore\boards\Xilinx\zcu1275\1.0\board.xml as part xczu29dr-ffvf1760-2-e specified in board_part file is either invalid or not available
WARNING: [Board 49-26] cannot add Board Part xilinx.com:zcu1285:part0:1.0 available at C:/AMDDesignTools/2025.2/data/xhub/boards\XilinxBoardStore\boards\Xilinx\zcu1285\1.0\board.xml as part xczu39dr-ffvf1760-2-i specified in board_part file is either invalid or not available
WARNING: [Board 49-26] cannot add Board Part xilinx.com:zcu208:part0:2.0 available at C:/AMDDesignTools/2025.2/data/xhub/boards\XilinxBoardStore\boards\Xilinx\zcu208\production\2.0\board.xml as part xczu48dr-fsvg1517-2-e specified in board_part file is either invalid or not available
WARNING: [Board 49-26] cannot add Board Part xilinx.com:zcu208ld:part0:2.0 available at C:/AMDDesignTools/2025.2/data/xhub/boards\XilinxBoardStore\boards\Xilinx\zcu208ld\production\2.0\board.xml as part xczu58dr-fsvg1517-2-i specified in board_part file is either invalid or not available
WARNING: [Board 49-26] cannot add Board Part xilinx.com:zcu216:part0:2.0 available at C:/AMDDesignTools/2025.2/data/xhub/boards\XilinxBoardStore\boards\Xilinx\zcu216\production\2.0\board.xml as part xczu49dr-ffvf1760-2-e specified in board_part file is either invalid or not available
WARNING: [Board 49-26] cannot add Board Part xilinx.com:zcu216ld:part0:2.0 available at C:/AMDDesignTools/2025.2/data/xhub/boards\XilinxBoardStore\boards\Xilinx\zcu216ld\production\2.0\board.xml as part xczu59dr-ffvf1760-2-i specified in board_part file is either invalid or not available
WARNING: [Board 49-26] cannot add Board Part xilinx.com:zcu670:part0:2.0 available at C:/AMDDesignTools/2025.2/data/xhub/boards\XilinxBoardStore\boards\Xilinx\zcu670\2.0\board.xml as part xczu67dr-fsve1156-2-i specified in board_part file is either invalid or not available
WARNING: [Board 49-26] cannot add Board Part xilinx.com:zcu670ld:part0:1.0 available at C:/AMDDesignTools/2025.2/data/xhub/boards\XilinxBoardStore\boards\Xilinx\zcu670ld\1.0\board.xml as part xczu57dr-fsve1156-2-i specified in board_part file is either invalid or not available
INFO: [IP_Flow 19-234] Refreshing IP repositories
INFO: [IP_Flow 19-1704] No user IP repositories specified
INFO: [IP_Flow 19-2313] Loaded Vivado IP repository 'C:/AMDDesignTools/2025.2/Vivado/data/ip'.
create_project: Time (s): cpu = 00:00:26 ; elapsed = 00:00:15 . Memory (MB): peak = 1674.848 ; gain = 278.055
[INFO] Adding source files: 35
[INFO] Adding testbench files: 11
[INFO] Setting include dirs: 1
[INFO] Setting simulation top: tb_Top_module_peri_repeat_log
[INFO] Setting xsim.more_options: -testplusarg TESTNAME=all
[INFO] Initial launch runtime set to 0ns (auto replay mode)
[INFO] Launching simulation GUI...
Command: launch_simulation 
INFO: [Vivado 12-25911] Executing simulation for 'XSim' simulator
INFO: [Vivado 12-28535] Process started - Tue Mar 31 03:27:34 2026

INFO: [Vivado 12-12493] Simulation top is 'tb_Top_module_peri_repeat_log'
INFO: [Vivado 12-5682] Launching behavioral simulation in 'D:/risc_team/FPGA_Auto_Project/Project/Test/vivado_project/project/sim_tb_Top_module_peri_repeat_log/sim_tb_Top_module_peri_repeat_log.sim/sim_1/behav/xsim'
INFO: [SIM-utils-51] Simulation object is 'sim_1'
INFO: [SIM-utils-72] Using boost library from 'C:/AMDDesignTools/2025.2/Vivado/tps/boost_1_72_0'
INFO: [SIM-utils-54] Inspecting design source files for 'tb_Top_module_peri_repeat_log' in fileset 'sim_1'...
INFO: [USF-XSim-97] Finding global include files...
INFO: [USF-XSim-98] Fetching design files from 'sim_1'...
INFO: [USF-XSim-2] XSim::Compile design
INFO: [USF-XSim-61] Executing 'COMPILE and ANALYZE' step in 'D:/risc_team/FPGA_Auto_Project/Project/Test/vivado_project/project/sim_tb_Top_module_peri_repeat_log/sim_tb_Top_module_peri_repeat_log.sim/sim_1/behav/xsim'
"xvlog --incr --relax -L uvm -prj tb_Top_module_peri_repeat_log_vlog.prj"
INFO: [VRFC 10-2263] Analyzing Verilog file "D:/risc_team/FPGA_Auto_Project/Project/Test/src/uart_peri/fifo/Top_FIFO.v" into library xil_defaultlib
INFO: [VRFC 10-311] analyzing module Top_FIFO
INFO: [VRFC 10-2263] Analyzing Verilog file "D:/risc_team/FPGA_Auto_Project/Project/Test/src/uart_peri/uart_source/Top_UART.v" into library xil_defaultlib
INFO: [VRFC 10-311] analyzing module Top_uart
INFO: [VRFC 10-2263] Analyzing Verilog file "D:/risc_team/FPGA_Auto_Project/Project/Test/src/uart_peri/uart_source/baud_tick_16oversample.v" into library xil_defaultlib
INFO: [VRFC 10-311] analyzing module baud_tick_16
INFO: [VRFC 10-2263] Analyzing Verilog file "D:/risc_team/FPGA_Auto_Project/Project/Test/src/uart_peri/fifo/fifo_control.v" into library xil_defaultlib
INFO: [VRFC 10-311] analyzing module fifo_control
INFO: [VRFC 10-2263] Analyzing Verilog file "D:/risc_team/FPGA_Auto_Project/Project/Test/src/uart_peri/fifo/fifo_register.v" into library xil_defaultlib
INFO: [VRFC 10-311] analyzing module fifo_register
INFO: [VRFC 10-2263] Analyzing Verilog file "D:/risc_team/FPGA_Auto_Project/Project/Test/src/uart_peri/uart_source/rx.v" into library xil_defaultlib
INFO: [VRFC 10-311] analyzing module rx
INFO: [VRFC 10-2263] Analyzing Verilog file "D:/risc_team/FPGA_Auto_Project/Project/Test/src/uart_peri/uart_source/tx.v" into library xil_defaultlib
INFO: [VRFC 10-311] analyzing module tx
INFO: [VRFC 10-2263] Analyzing Verilog file "D:/risc_team/FPGA_Auto_Project/Project/Test/src/uart_peri/uart_apb_wrapper.v" into library xil_defaultlib
INFO: [VRFC 10-311] analyzing module uart_apb_wrapper
INFO: [VRFC 10-2263] Analyzing Verilog file "D:/risc_team/FPGA_Auto_Project/Project/Test/src/uart_peri/uart_core.v" into library xil_defaultlib
INFO: [VRFC 10-311] analyzing module uart_core
INFO: [VRFC 10-2263] Analyzing SystemVerilog file "D:/risc_team/FPGA_Auto_Project/Project/Test/src/apb/APB_master_compat.sv" into library xil_defaultlib
INFO: [VRFC 10-311] analyzing module APB_master
INFO: [VRFC 10-2263] Analyzing SystemVerilog file "D:/risc_team/FPGA_Auto_Project/Project/Test/src/GPIO_peri/GPI.sv" into library xil_defaultlib
INFO: [VRFC 10-311] analyzing module GPI
INFO: [VRFC 10-2263] Analyzing SystemVerilog file "D:/risc_team/FPGA_Auto_Project/Project/Test/src/GPIO_peri/GPIO.sv" into library xil_defaultlib
INFO: [VRFC 10-311] analyzing module GPIO
INFO: [VRFC 10-311] analyzing module gpio
INFO: [VRFC 10-2263] Analyzing SystemVerilog file "D:/risc_team/FPGA_Auto_Project/Project/Test/src/GPIO_peri/GPO.sv" into library xil_defaultlib
INFO: [VRFC 10-311] analyzing module GPO
INFO: [VRFC 10-2263] Analyzing SystemVerilog file "D:/risc_team/FPGA_Auto_Project/Project/Test/src/apb/Top_APB.sv" into library xil_defaultlib
INFO: [VRFC 10-311] analyzing module Top_APB
INFO: [VRFC 10-2263] Analyzing SystemVerilog file "D:/risc_team/FPGA_Auto_Project/Project/Test/src/cpu/Top_CPU.sv" into library xil_defaultlib
INFO: [VRFC 10-311] analyzing module Top_CPU
INFO: [VRFC 10-2263] Analyzing SystemVerilog file "D:/risc_team/FPGA_Auto_Project/Project/Test/src/cpu/Top_Memory.sv" into library xil_defaultlib
INFO: [VRFC 10-311] analyzing module Top_Memory
INFO: [VRFC 10-2263] Analyzing SystemVerilog file "D:/risc_team/FPGA_Auto_Project/Project/Test/src/cpu/Top_Memory_CNTL.sv" into library xil_defaultlib
INFO: [VRFC 10-311] analyzing module Top_Memory_CNTL
INFO: [VRFC 10-2263] Analyzing SystemVerilog file "D:/risc_team/FPGA_Auto_Project/Project/Test/src/Top_module.sv" into library xil_defaultlib
INFO: [VRFC 10-311] analyzing module Top_module
INFO: [VRFC 10-2263] Analyzing SystemVerilog file "D:/risc_team/FPGA_Auto_Project/Project/Test/src/cpu/alu.sv" into library xil_defaultlib
INFO: [VRFC 10-311] analyzing module alu
INFO: [VRFC 10-2263] Analyzing SystemVerilog file "D:/risc_team/FPGA_Auto_Project/Project/Test/src/apb/apb_mmio_bridge.sv" into library xil_defaultlib
INFO: [VRFC 10-311] analyzing module apb_mmio_bridge
INFO: [VRFC 10-2263] Analyzing SystemVerilog file "D:/risc_team/FPGA_Auto_Project/Project/Test/src/cpu/branch_cmp.sv" into library xil_defaultlib
INFO: [VRFC 10-311] analyzing module branch_cmp
INFO: [VRFC 10-2263] Analyzing SystemVerilog file "D:/risc_team/FPGA_Auto_Project/Project/Test/src/cpu/control.sv" into library xil_defaultlib
INFO: [VRFC 10-311] analyzing module control
INFO: [VRFC 10-2263] Analyzing SystemVerilog file "D:/risc_team/FPGA_Auto_Project/Project/Test/src/cpu/data_memory.sv" into library xil_defaultlib
INFO: [VRFC 10-311] analyzing module data_memory
INFO: [VRFC 10-2263] Analyzing SystemVerilog file "D:/risc_team/FPGA_Auto_Project/Project/Test/src/cpu/datapath.sv" into library xil_defaultlib
INFO: [VRFC 10-311] analyzing module datapath
INFO: [VRFC 10-2263] Analyzing SystemVerilog file "D:/risc_team/FPGA_Auto_Project/Project/Test/src/fnd_feri/fnd_apb_wrapper.sv" into library xil_defaultlib
INFO: [VRFC 10-311] analyzing module fnd_apb_wrapper
INFO: [VRFC 10-2263] Analyzing SystemVerilog file "D:/risc_team/FPGA_Auto_Project/Project/Test/src/fnd_feri/fnd_counter_core.sv" into library xil_defaultlib
INFO: [VRFC 10-311] analyzing module fnd_counter_core
INFO: [VRFC 10-2263] Analyzing SystemVerilog file "D:/risc_team/FPGA_Auto_Project/Project/Test/src/GPIO_peri/gpi_apb_wrapper.sv" into library xil_defaultlib
INFO: [VRFC 10-311] analyzing module gpi_apb_wrapper
INFO: [VRFC 10-2263] Analyzing SystemVerilog file "D:/risc_team/FPGA_Auto_Project/Project/Test/src/GPIO_peri/gpio_apb_wrapper.sv" into library xil_defaultlib
INFO: [VRFC 10-311] analyzing module gpio_apb_wrapper
INFO: [VRFC 10-2263] Analyzing SystemVerilog file "D:/risc_team/FPGA_Auto_Project/Project/Test/src/GPIO_peri/gpo_apb_wrapper.sv" into library xil_defaultlib
INFO: [VRFC 10-311] analyzing module gpo_apb_wrapper
INFO: [VRFC 10-2263] Analyzing SystemVerilog file "D:/risc_team/FPGA_Auto_Project/Project/Test/src/cpu/imm_extender.sv" into library xil_defaultlib
INFO: [VRFC 10-311] analyzing module imm_extender
INFO: [VRFC 10-2263] Analyzing SystemVerilog file "D:/risc_team/FPGA_Auto_Project/Project/Test/src/cpu/pc_reg.sv" into library xil_defaultlib
INFO: [VRFC 10-311] analyzing module pc_reg
INFO: [VRFC 10-2263] Analyzing SystemVerilog file "D:/risc_team/FPGA_Auto_Project/Project/Test/src/cpu/reg_n.sv" into library xil_defaultlib
INFO: [VRFC 10-311] analyzing module reg_n
INFO: [VRFC 10-2263] Analyzing SystemVerilog file "D:/risc_team/FPGA_Auto_Project/Project/Test/src/cpu/register_file.sv" into library xil_defaultlib
INFO: [VRFC 10-311] analyzing module register_file
INFO: [VRFC 10-2263] Analyzing SystemVerilog file "D:/risc_team/FPGA_Auto_Project/Project/Test/src/cpu/rom_table.sv" into library xil_defaultlib
INFO: [VRFC 10-311] analyzing module rom_table
INFO: [VRFC 10-2263] Analyzing SystemVerilog file "D:/risc_team/FPGA_Auto_Project/Project/Test/tb/tb_Top_module_peri_repeat_log.sv" into library xil_defaultlib
INFO: [VRFC 10-311] analyzing module tb_Top_module_peri_repeat_log
INFO: [VRFC 10-2263] Analyzing Verilog file "D:/risc_team/FPGA_Auto_Project/Project/Test/vivado_project/project/sim_tb_Top_module_peri_repeat_log/sim_tb_Top_module_peri_repeat_log.sim/sim_1/behav/xsim/glbl.v" into library xil_defaultlib
INFO: [VRFC 10-311] analyzing module glbl
INFO: [USF-XSim-69] 'compile' step finished in '3' seconds
INFO: [USF-XSim-3] XSim::Elaborate design
INFO: [USF-XSim-61] Executing 'ELABORATE' step in 'D:/risc_team/FPGA_Auto_Project/Project/Test/vivado_project/project/sim_tb_Top_module_peri_repeat_log/sim_tb_Top_module_peri_repeat_log.sim/sim_1/behav/xsim'
"xelab --incr --debug typical --relax --mt 2 -L xil_defaultlib -L uvm -L unisims_ver -L unimacro_ver -L secureip --snapshot tb_Top_module_peri_repeat_log_behav xil_defaultlib.tb_Top_module_peri_repeat_log xil_defaultlib.glbl -log elaborate.log"
Vivado Simulator v2025.2
Copyright 1986-2022 Xilinx, Inc. All Rights Reserved.
Copyright 2022-2025 Advanced Micro Devices, Inc. All Rights Reserved.
Running: C:/AMDDesignTools/2025.2/Vivado/bin/unwrapped/win64.o/xelab.exe --incr --debug typical --relax --mt 2 -L xil_defaultlib -L uvm -L unisims_ver -L unimacro_ver -L secureip --snapshot tb_Top_module_peri_repeat_log_behav xil_defaultlib.tb_Top_module_peri_repeat_log xil_defaultlib.glbl -log elaborate.log 
Using 2 slave threads.
Starting static elaboration
Pass Through NonSizing Optimizer
Completed static elaboration
Starting simulation data flow analysis
Completed simulation data flow analysis
Time Resolution for simulation is 1ps
Compiling module xil_defaultlib.control
Compiling module xil_defaultlib.pc_reg
Compiling module xil_defaultlib.reg_n
Compiling module xil_defaultlib.register_file
Compiling module xil_defaultlib.imm_extender
Compiling module xil_defaultlib.alu
Compiling module xil_defaultlib.branch_cmp
Compiling module xil_defaultlib.datapath
Compiling module xil_defaultlib.Top_CPU
Compiling module xil_defaultlib.Top_Memory_CNTL
Compiling module xil_defaultlib.rom_table
Compiling module xil_defaultlib.data_memory_default
Compiling module xil_defaultlib.Top_Memory
Compiling module xil_defaultlib.apb_mmio_bridge(STRB_WIDTH=4,NUM...
Compiling module xil_defaultlib.APB_master(SLAVE_BASE=192'b01000...
Compiling module xil_defaultlib.GPO
Compiling module xil_defaultlib.gpo_apb_wrapper
Compiling module xil_defaultlib.GPI
Compiling module xil_defaultlib.gpi_apb_wrapper
Compiling module xil_defaultlib.gpio
Compiling module xil_defaultlib.GPIO
Compiling module xil_defaultlib.gpio_apb_wrapper
Compiling module xil_defaultlib.fnd_counter_core_default
Compiling module xil_defaultlib.fnd_apb_wrapper
Compiling module xil_defaultlib.fifo_register(Address_Depth=16)
Compiling module xil_defaultlib.fifo_control(Address_Depth=16)
Compiling module xil_defaultlib.Top_FIFO(Address_Depth=16)
Compiling module xil_defaultlib.fifo_register(Address_Depth=32)
Compiling module xil_defaultlib.fifo_control(Address_Depth=32)
Compiling module xil_defaultlib.Top_FIFO(Address_Depth=32)
Compiling module xil_defaultlib.tx
Compiling module xil_defaultlib.rx
Compiling module xil_defaultlib.baud_tick_16
Compiling module xil_defaultlib.Top_uart
Compiling module xil_defaultlib.uart_core(BAUD_RATE=9600)
Compiling module xil_defaultlib.uart_apb_wrapper
Compiling module xil_defaultlib.Top_APB
Compiling module xil_defaultlib.Top_module
Compiling module xil_defaultlib.tb_Top_module_peri_repeat_log
Compiling module xil_defaultlib.glbl
Built simulation snapshot tb_Top_module_peri_repeat_log_behav
run_program: Time (s): cpu = 00:00:01 ; elapsed = 00:00:05 . Memory (MB): peak = 1674.848 ; gain = 0.000
INFO: [USF-XSim-69] 'elaborate' step finished in '5' seconds
INFO: [USF-XSim-4] XSim::Simulate design
INFO: [USF-XSim-61] Executing 'SIMULATE' step in 'D:/risc_team/FPGA_Auto_Project/Project/Test/vivado_project/project/sim_tb_Top_module_peri_repeat_log/sim_tb_Top_module_peri_repeat_log.sim/sim_1/behav/xsim'
INFO: [USF-XSim-98] *** Running xsim
   with args "tb_Top_module_peri_repeat_log_behav -key {Behavioral:sim_1:Functional:tb_Top_module_peri_repeat_log} -tclbatch {tb_Top_module_peri_repeat_log.tcl} -log {simulate.log} -testplusarg TESTNAME=all"
INFO: [USF-XSim-8] Loading simulator feature
Time resolution is 1 ps
source tb_Top_module_peri_repeat_log.tcl
WARNING: File program.mem referenced on D:/risc_team/FPGA_Auto_Project/Project/Test/src/uart_peri/uart_source/rx.v at line 28 cannot be opened for reading. Please ensure that this file is available in the current working directory or parent directory of xsim.dir location specified via -xsimdir switch.
INFO: [USF-XSim-96] XSim completed. Design snapshot 'tb_Top_module_peri_repeat_log_behav' loaded.
INFO: [USF-XSim-97] XSim simulation ran for 0ns
launch_simulation: Time (s): cpu = 00:00:13 ; elapsed = 00:00:18 . Memory (MB): peak = 1680.195 ; gain = 5.348
[INFO] Initialized waveform config path: D:/risc_team/FPGA_Auto_Project/Project/Test/vivado_project/wcfg/tb_Top_module_peri_repeat_log.wcfg
[INFO] Auto replay: restart + run all
INFO: [Wavedata 42-604] Simulation restarted
WARNING: File program.mem referenced on D:/risc_team/FPGA_Auto_Project/Project/Test/src/uart_peri/uart_source/rx.v at line 28 cannot be opened for reading. Please ensure that this file is available in the current working directory or parent directory of xsim.dir location specified via -xsimdir switch.
[195000][TOP_TB] Reset released
INFO: [Common 17-41] Interrupt caught. Command should exit soon.
run: Time (s): cpu = 00:01:01 ; elapsed = 00:01:02 . Memory (MB): peak = 1690.289 ; gain = 0.000
INFO: [Common 17-344] 'run' was cancelled
INFO: [Common 17-344] 'source' was cancelled
restart
INFO: [Wavedata 42-604] Simulation restarted
run all
WARNING: File program.mem referenced on D:/risc_team/FPGA_Auto_Project/Project/Test/src/uart_peri/uart_source/rx.v at line 28 cannot be opened for reading. Please ensure that this file is available in the current working directory or parent directory of xsim.dir location specified via -xsimdir switch.
[195000][TOP_TB] Reset released
run: Time (s): cpu = 00:02:20 ; elapsed = 00:02:19 . Memory (MB): peak = 1690.289 ; gain = 0.000
update_compile_order -fileset sources_1
restart
INFO: [Wavedata 42-604] Simulation restarted
run all
WARNING: File program.mem referenced on D:/risc_team/FPGA_Auto_Project/Project/Test/src/uart_peri/uart_source/rx.v at line 28 cannot be opened for reading. Please ensure that this file is available in the current working directory or parent directory of xsim.dir location specified via -xsimdir switch.
[195000][TOP_TB] Reset released
Fatal: [1000000000000][TOP_TB] Timeout waiting for peripheral repeat loop evidence
Time: 1 s  Iteration: 0  Process: /tb_Top_module_peri_repeat_log/Initial330_69  Scope: tb_Top_module_peri_repeat_log  File: D:/risc_team/FPGA_Auto_Project/Project/Test/tb/tb_Top_module_peri_repeat_log.sv Line: 332
$finish called at time : 1 s
run: Time (s): cpu = 00:03:22 ; elapsed = 00:03:26 . Memory (MB): peak = 1701.457 ; gain = 5.164
close_sim
INFO: xsimkernel Simulation Memory Usage: 20704 KB (Peak: 20704 KB), Simulation CPU Usage: 289577 ms
INFO: [Simtcl 6-16] Simulation closed
exit
INFO: [Common 17-206] Exiting Vivado at Tue Mar 31 09:30:10 2026...
